#
# There is insufficient memory for the Java Runtime Environment to continue.
# Native memory allocation (mmap) failed to map 197132288 bytes for committing reserved memory.
# Possible reasons:
#   The system is out of physical RAM or swap space
#   In 32 bit mode, the process size limit was hit
# Possible solutions:
#   Reduce memory load on the system
#   Increase physical memory or swap space
#   Check if swap backing store is full
#   Use 64 bit Java on a 64 bit OS
#   Decrease Java heap size (-Xmx/-Xms)
#   Decrease number of Java threads
#   Decrease Java thread stack sizes (-Xss)
#   Set larger code cache with -XX:ReservedCodeCacheSize=
# This output file may be truncated or incomplete.
#
#  Out of Memory Error (os_linux.cpp:2627), pid=30684, tid=140108129576704
#
# JRE version: Java(TM) SE Runtime Environment (8.0_91-b14) (build 1.8.0_91-b14)
# Java VM: Java HotSpot(TM) 64-Bit Server VM (25.91-b14 mixed mode linux-amd64 compressed oops)
# Failed to write core dump. Core dumps have been disabled. To enable core dumping, try "ulimit -c unlimited" before starting Java again
#

---------------  T H R E A D  ---------------

Current thread (0x00007f6da0078800):  VMThread [stack: 0x00007f6d773b2000,0x00007f6d774b3000] [id=30698]

Stack: [0x00007f6d773b2000,0x00007f6d774b3000],  sp=0x00007f6d774b12e0,  free space=1020k
Native frames: (J=compiled Java code, j=interpreted, Vv=VM code, C=native code)
V  [libjvm.so+0xabc18a]  VMError::report_and_die()+0x2ba
V  [libjvm.so+0x4fafeb]  report_vm_out_of_memory(char const*, int, unsigned long, VMErrorType, char const*)+0x8b
V  [libjvm.so+0x91cbb3]  os::Linux::commit_memory_impl(char*, unsigned long, bool)+0x103
V  [libjvm.so+0x91d109]  os::pd_commit_memory(char*, unsigned long, unsigned long, bool)+0x29
V  [libjvm.so+0x91740a]  os::commit_memory(char*, unsigned long, unsigned long, bool)+0x2a
V  [libjvm.so+0x98b033]  PSVirtualSpace::expand_by(unsigned long)+0x53
V  [libjvm.so+0x98c438]  PSYoungGen::resize_generation(unsigned long, unsigned long)+0xf8
V  [libjvm.so+0x98b592]  PSYoungGen::resize(unsigned long, unsigned long)+0x22
V  [libjvm.so+0x98886b]  PSScavenge::invoke_no_policy()+0xf3b
V  [libjvm.so+0x988ff1]  PSScavenge::invoke()+0x41
V  [libjvm.so+0x9408b0]  ParallelScavengeHeap::failed_mem_allocate(unsigned long)+0x70
V  [libjvm.so+0xabdba7]  VM_ParallelGCFailedAllocation::doit()+0x97
V  [libjvm.so+0xac55d5]  VM_Operation::evaluate()+0x55
V  [libjvm.so+0xac39aa]  VMThread::evaluate_operation(VM_Operation*)+0xba
V  [libjvm.so+0xac3d2e]  VMThread::loop()+0x1ce
V  [libjvm.so+0xac41a0]  VMThread::run()+0x70
V  [libjvm.so+0x91ef78]  java_start(Thread*)+0x108

VM_Operation (0x00007f6da8ffdec0): ParallelGCFailedAllocation, mode: safepoint, requested by thread 0x00007f6da000b000


---------------  P R O C E S S  ---------------

Java Threads: ( => current thread )
  0x00007f6da013b000 JavaThread "Monitor Ctrl-Break" daemon [_thread_in_native, id=30722, stack(0x00007f6d76561000,0x00007f6d76662000)]
  0x00007f6da00d3000 JavaThread "Service Thread" daemon [_thread_blocked, id=30715, stack(0x00007f6d769a6000,0x00007f6d76aa7000)]
  0x00007f6da00be000 JavaThread "C1 CompilerThread2" daemon [_thread_blocked, id=30712, stack(0x00007f6d76aa7000,0x00007f6d76ba8000)]
  0x00007f6da00bc000 JavaThread "C2 CompilerThread1" daemon [_thread_blocked, id=30711, stack(0x00007f6d76ba8000,0x00007f6d76ca9000)]
  0x00007f6da00b9000 JavaThread "C2 CompilerThread0" daemon [_thread_blocked, id=30710, stack(0x00007f6d76ca9000,0x00007f6d76daa000)]
  0x00007f6da00b8000 JavaThread "Signal Dispatcher" daemon [_thread_blocked, id=30709, stack(0x00007f6d76daa000,0x00007f6d76eab000)]
  0x00007f6da0084800 JavaThread "Finalizer" daemon [_thread_blocked, id=30700, stack(0x00007f6d771b0000,0x00007f6d772b1000)]
  0x00007f6da0080000 JavaThread "Reference Handler" daemon [_thread_blocked, id=30699, stack(0x00007f6d772b1000,0x00007f6d773b2000)]
  0x00007f6da000b000 JavaThread "main" [_thread_blocked, id=30687, stack(0x00007f6da8eff000,0x00007f6da9000000)]

Other Threads:
=>0x00007f6da0078800 VMThread [stack: 0x00007f6d773b2000,0x00007f6d774b3000] [id=30698]
  0x00007f6da00d6000 WatcherThread [stack: 0x00007f6d768a5000,0x00007f6d769a6000] [id=30716]

VM state:at safepoint (normal execution)

VM Mutex/Monitor currently owned by a thread:  ([mutex/lock_event])
[0x00007f6da00069c0] Threads_lock - owner thread: 0x00007f6da0078800
[0x00007f6da0006ec0] Heap_lock - owner thread: 0x00007f6da000b000

Heap:
 PSYoungGen      total 610304K, used 370688K [0x000000076cc00000, 0x00000007b0380000, 0x00000007c0000000)
  eden space 239616K, 0% used [0x000000076cc00000,0x000000076cc00000,0x000000077b600000)
  from space 370688K, 100% used [0x0000000799980000,0x00000007b0380000,0x00000007b0380000)
  to   space 233984K, 0% used [0x000000077b600000,0x000000077b600000,0x0000000789a80000)
 ParOldGen       total 1079808K, used 860344K [0x00000006c6400000, 0x0000000708280000, 0x000000076cc00000)
  object space 1079808K, 79% used [0x00000006c6400000,0x00000006fac2e108,0x0000000708280000)
 Metaspace       used 2982K, capacity 4564K, committed 4864K, reserved 1056768K
  class space    used 327K, capacity 388K, committed 512K, reserved 1048576K

Card table byte_map: [0x00007f6da4cf9000,0x00007f6da54c8000] byte_map_base: 0x00007f6da16c7000

Marking Bits: (ParMarkBitMap*) 0x00007f6da83dcd60
 Begin Bits: [0x00007f6d89320000, 0x00007f6d8d190000)
 End Bits:   [0x00007f6d8d190000, 0x00007f6d91000000)

Polling page: 0x00007f6da9025000

CodeCache: size=245760Kb used=1146Kb max_used=1158Kb free=244613Kb
 bounds [0x00007f6d91000000, 0x00007f6d91270000, 0x00007f6da0000000]
 total_blobs=295 nmethods=53 adapters=156
 compilation: enabled

Compilation events (10 events):
Event: 0.799 Thread 0x00007f6da00be000   46       1       java.net.URL::getFile (5 bytes)
Event: 0.800 Thread 0x00007f6da00be000 nmethod 46 0x00007f6d9111b910 code [0x00007f6d9111ba60, 0x00007f6d9111bb70]
Event: 0.802 Thread 0x00007f6da00b9000   50       4       IntList::addToFront (71 bytes)
Event: 0.805 Thread 0x00007f6da00b9000 nmethod 50 0x00007f6d9111e910 code [0x00007f6d9111ea60, 0x00007f6d9111ebb8]
Event: 0.840 Thread 0x00007f6da00be000   51 %     3       IntList::quicksort @ 43 (171 bytes)
Event: 0.841 Thread 0x00007f6da00be000 nmethod 51% 0x00007f6d9111d550 code [0x00007f6d9111d7a0, 0x00007f6d9111e248]
Event: 0.842 Thread 0x00007f6da00be000   52       3       IntList::quicksort (171 bytes)
Event: 0.843 Thread 0x00007f6da00be000 nmethod 52 0x00007f6d9111c350 code [0x00007f6d9111c5a0, 0x00007f6d9111cf88]
Event: 0.884 Thread 0x00007f6da00b9000   53 %     4       IntList::quicksort @ 43 (171 bytes)
Event: 0.891 Thread 0x00007f6da00b9000 nmethod 53% 0x00007f6d9111bd90 code [0x00007f6d9111bf00, 0x00007f6d9111c198]

GC Heap History (10 events):
Event: 21.136 GC heap after
Heap after GC invocations=6 (full 2):
 PSYoungGen      total 188416K, used 10240K [0x000000076cc00000, 0x0000000779a00000, 0x00000007c0000000)
  eden space 178176K, 0% used [0x000000076cc00000,0x000000076cc00000,0x0000000777a00000)
  from space 10240K, 100% used [0x0000000779000000,0x0000000779a00000,0x0000000779a00000)
  to   space 10240K, 0% used [0x0000000778600000,0x0000000778600000,0x0000000779000000)
 ParOldGen       total 589312K, used 371859K [0x00000006c6400000, 0x00000006ea380000, 0x000000076cc00000)
  object space 589312K, 63% used [0x00000006c6400000,0x00000006dcf24cf8,0x00000006ea380000)
 Metaspace       used 2982K, capacity 4564K, committed 4864K, reserved 1056768K
  class space    used 327K, capacity 388K, committed 512K, reserved 1048576K
}
Event: 21.297 GC heap before
{Heap before GC invocations=7 (full 2):
 PSYoungGen      total 188416K, used 188416K [0x000000076cc00000, 0x0000000779a00000, 0x00000007c0000000)
  eden space 178176K, 100% used [0x000000076cc00000,0x0000000777a00000,0x0000000777a00000)
  from space 10240K, 100% used [0x0000000779000000,0x0000000779a00000,0x0000000779a00000)
  to   space 10240K, 0% used [0x0000000778600000,0x0000000778600000,0x0000000779000000)
 ParOldGen       total 589312K, used 371859K [0x00000006c6400000, 0x00000006ea380000, 0x000000076cc00000)
  object space 589312K, 63% used [0x00000006c6400000,0x00000006dcf24cf8,0x00000006ea380000)
 Metaspace       used 2982K, capacity 4564K, committed 4864K, reserved 1056768K
  class space    used 327K, capacity 388K, committed 512K, reserved 1048576K
Event: 22.257 GC heap after
Heap after GC invocations=7 (full 2):
 PSYoungGen      total 200704K, used 10240K [0x000000076cc00000, 0x0000000796400000, 0x00000007c0000000)
  eden space 190464K, 0% used [0x000000076cc00000,0x000000076cc00000,0x0000000778600000)
  from space 10240K, 100% used [0x0000000778600000,0x0000000779000000,0x0000000779000000)
  to   space 206336K, 0% used [0x0000000789a80000,0x0000000789a80000,0x0000000796400000)
 ParOldGen       total 589312K, used 550747K [0x00000006c6400000, 0x00000006ea380000, 0x000000076cc00000)
  object space 589312K, 93% used [0x00000006c6400000,0x00000006e7dd6cf8,0x00000006ea380000)
 Metaspace       used 2982K, capacity 4564K, committed 4864K, reserved 1056768K
  class space    used 327K, capacity 388K, committed 512K, reserved 1048576K
}
Event: 22.257 GC heap before
{Heap before GC invocations=8 (full 3):
 PSYoungGen      total 200704K, used 10240K [0x000000076cc00000, 0x0000000796400000, 0x00000007c0000000)
  eden space 190464K, 0% used [0x000000076cc00000,0x000000076cc00000,0x0000000778600000)
  from space 10240K, 100% used [0x0000000778600000,0x0000000779000000,0x0000000779000000)
  to   space 206336K, 0% used [0x0000000789a80000,0x0000000789a80000,0x0000000796400000)
 ParOldGen       total 589312K, used 550747K [0x00000006c6400000, 0x00000006ea380000, 0x000000076cc00000)
  object space 589312K, 93% used [0x00000006c6400000,0x00000006e7dd6cf8,0x00000006ea380000)
 Metaspace       used 2982K, capacity 4564K, committed 4864K, reserved 1056768K
  class space    used 327K, capacity 388K, committed 512K, reserved 1048576K
Event: 37.441 GC heap after
Heap after GC invocations=8 (full 3):
 PSYoungGen      total 200704K, used 0K [0x000000076cc00000, 0x0000000796400000, 0x00000007c0000000)
  eden space 190464K, 0% used [0x000000076cc00000,0x000000076cc00000,0x0000000778600000)
  from space 10240K, 0% used [0x0000000778600000,0x0000000778600000,0x0000000779000000)
  to   space 206336K, 0% used [0x0000000789a80000,0x0000000789a80000,0x0000000796400000)
 ParOldGen       total 1079808K, used 559776K [0x00000006c6400000, 0x0000000708280000, 0x000000076cc00000)
  object space 1079808K, 51% used [0x00000006c6400000,0x00000006e86a8108,0x0000000708280000)
 Metaspace       used 2982K, capacity 4564K, committed 4864K, reserved 1056768K
  class space    used 327K, capacity 388K, committed 512K, reserved 1048576K
}
Event: 37.607 GC heap before
{Heap before GC invocations=9 (full 3):
 PSYoungGen      total 200704K, used 190464K [0x000000076cc00000, 0x0000000796400000, 0x00000007c0000000)
  eden space 190464K, 100% used [0x000000076cc00000,0x0000000778600000,0x0000000778600000)
  from space 10240K, 0% used [0x0000000778600000,0x0000000778600000,0x0000000779000000)
  to   space 206336K, 0% used [0x0000000789a80000,0x0000000789a80000,0x0000000796400000)
 ParOldGen       total 1079808K, used 559776K [0x00000006c6400000, 0x0000000708280000, 0x000000076cc00000)
  object space 1079808K, 51% used [0x00000006c6400000,0x00000006e86a8108,0x0000000708280000)
 Metaspace       used 2982K, capacity 4564K, committed 4864K, reserved 1056768K
  class space    used 327K, capacity 388K, committed 512K, reserved 1048576K
Event: 38.424 GC heap after
Heap after GC invocations=9 (full 3):
 PSYoungGen      total 445952K, used 190688K [0x000000076cc00000, 0x0000000799700000, 0x00000007c0000000)
  eden space 239616K, 0% used [0x000000076cc00000,0x000000076cc00000,0x000000077b600000)
  from space 206336K, 92% used [0x0000000789a80000,0x00000007954b8000,0x0000000796400000)
  to   space 233984K, 0% used [0x000000077b600000,0x000000077b600000,0x0000000789a80000)
 ParOldGen       total 1079808K, used 559776K [0x00000006c6400000, 0x0000000708280000, 0x000000076cc00000)
  object space 1079808K, 51% used [0x00000006c6400000,0x00000006e86a8108,0x0000000708280000)
 Metaspace       used 2982K, capacity 4564K, committed 4864K, reserved 1056768K
  class space    used 327K, capacity 388K, committed 512K, reserved 1048576K
}
Event: 38.633 GC heap before
{Heap before GC invocations=10 (full 3):
 PSYoungGen      total 445952K, used 430304K [0x000000076cc00000, 0x0000000799700000, 0x00000007c0000000)
  eden space 239616K, 100% used [0x000000076cc00000,0x000000077b600000,0x000000077b600000)
  from space 206336K, 92% used [0x0000000789a80000,0x00000007954b8000,0x0000000796400000)
  to   space 233984K, 0% used [0x000000077b600000,0x000000077b600000,0x0000000789a80000)
 ParOldGen       total 1079808K, used 559776K [0x00000006c6400000, 0x0000000708280000, 0x000000076cc00000)
  object space 1079808K, 51% used [0x00000006c6400000,0x00000006e86a8108,0x0000000708280000)
 Metaspace       used 2982K, capacity 4564K, committed 4864K, reserved 1056768K
  class space    used 327K, capacity 388K, committed 512K, reserved 1048576K
Event: 40.921 GC heap after
Heap after GC invocations=10 (full 3):
 PSYoungGen      total 473600K, used 233984K [0x000000076cc00000, 0x00000007b0380000, 0x00000007c0000000)
  eden space 239616K, 0% used [0x000000076cc00000,0x000000076cc00000,0x000000077b600000)
  from space 233984K, 100% used [0x000000077b600000,0x0000000789a80000,0x0000000789a80000)
  to   space 370688K, 0% used [0x0000000799980000,0x0000000799980000,0x00000007b0380000)
 ParOldGen       total 1079808K, used 756880K [0x00000006c6400000, 0x0000000708280000, 0x000000076cc00000)
  object space 1079808K, 70% used [0x00000006c6400000,0x00000006f4724108,0x0000000708280000)
 Metaspace       used 2982K, capacity 4564K, committed 4864K, reserved 1056768K
  class space    used 327K, capacity 388K, committed 512K, reserved 1048576K
}
Event: 41.101 GC heap before
{Heap before GC invocations=11 (full 3):
 PSYoungGen      total 473600K, used 473600K [0x000000076cc00000, 0x00000007b0380000, 0x00000007c0000000)
  eden space 239616K, 100% used [0x000000076cc00000,0x000000077b600000,0x000000077b600000)
  from space 233984K, 100% used [0x000000077b600000,0x0000000789a80000,0x0000000789a80000)
  to   space 370688K, 0% used [0x0000000799980000,0x0000000799980000,0x00000007b0380000)
 ParOldGen       total 1079808K, used 756880K [0x00000006c6400000, 0x0000000708280000, 0x000000076cc00000)
  object space 1079808K, 70% used [0x00000006c6400000,0x00000006f4724108,0x0000000708280000)
 Metaspace       used 2982K, capacity 4564K, committed 4864K, reserved 1056768K
  class space    used 327K, capacity 388K, committed 512K, reserved 1048576K

Deoptimization events (0 events):
No events

Internal exceptions (2 events):
Event: 0.204 Thread 0x00007f6da000b000 Exception <a 'java/lang/NoSuchMethodError': Method sun.misc.Unsafe.defineClass(Ljava/lang/String;[BII)Ljava/lang/Class; name or signature does not match> (0x000000076cc07cc0) thrown at [/HUDSON/workspace/8-2-build-linux-amd64/jdk8u91/6644/hotspot/src/shar
Event: 0.204 Thread 0x00007f6da000b000 Exception <a 'java/lang/NoSuchMethodError': Method sun.misc.Unsafe.prefetchRead(Ljava/lang/Object;J)V name or signature does not match> (0x000000076cc07fa8) thrown at [/HUDSON/workspace/8-2-build-linux-amd64/jdk8u91/6644/hotspot/src/share/vm/prims/jni.cpp

Events (10 events):
Event: 20.370 Executing VM operation: ParallelGCFailedAllocation done
Event: 20.496 Executing VM operation: ParallelGCFailedAllocation
Event: 21.136 Executing VM operation: ParallelGCFailedAllocation done
Event: 21.297 Executing VM operation: ParallelGCFailedAllocation
Event: 37.441 Executing VM operation: ParallelGCFailedAllocation done
Event: 37.607 Executing VM operation: ParallelGCFailedAllocation
Event: 38.424 Executing VM operation: ParallelGCFailedAllocation done
Event: 38.633 Executing VM operation: ParallelGCFailedAllocation
Event: 40.921 Executing VM operation: ParallelGCFailedAllocation done
Event: 41.101 Executing VM operation: ParallelGCFailedAllocation


Dynamic libraries:
00400000-00401000 r-xp 00000000 08:01 6170429                            /usr/lib/jvm/java-8-oracle/bin/java
00600000-00601000 rw-p 00000000 08:01 6170429                            /usr/lib/jvm/java-8-oracle/bin/java
0084d000-0086e000 rw-p 00000000 00:00 0                                  [heap]
6c6400000-708280000 rw-p 00000000 00:00 0 
708280000-76cc00000 ---p 00000000 00:00 0 
76cc00000-7b0380000 rw-p 00000000 00:00 0 
7bbf80000-7c0000000 ---p 00000000 00:00 0 
7c0000000-7c0080000 rw-p 00000000 00:00 0 
7c0080000-800000000 ---p 00000000 00:00 0 
7f6d48000000-7f6d48021000 rw-p 00000000 00:00 0 
7f6d48021000-7f6d4c000000 ---p 00000000 00:00 0 
7f6d50000000-7f6d50021000 rw-p 00000000 00:00 0 
7f6d50021000-7f6d54000000 ---p 00000000 00:00 0 
7f6d54000000-7f6d54021000 rw-p 00000000 00:00 0 
7f6d54021000-7f6d58000000 ---p 00000000 00:00 0 
7f6d58000000-7f6d5802a000 rw-p 00000000 00:00 0 
7f6d5802a000-7f6d5c000000 ---p 00000000 00:00 0 
7f6d5c000000-7f6d5c021000 rw-p 00000000 00:00 0 
7f6d5c021000-7f6d60000000 ---p 00000000 00:00 0 
7f6d60000000-7f6d60021000 rw-p 00000000 00:00 0 
7f6d60021000-7f6d64000000 ---p 00000000 00:00 0 
7f6d64000000-7f6d6404e000 rw-p 00000000 00:00 0 
7f6d6404e000-7f6d68000000 ---p 00000000 00:00 0 
7f6d68000000-7f6d68021000 rw-p 00000000 00:00 0 
7f6d68021000-7f6d6c000000 ---p 00000000 00:00 0 
7f6d6c000000-7f6d6c021000 rw-p 00000000 00:00 0 
7f6d6c021000-7f6d70000000 ---p 00000000 00:00 0 
7f6d70000000-7f6d70021000 rw-p 00000000 00:00 0 
7f6d70021000-7f6d74000000 ---p 00000000 00:00 0 
7f6d76094000-7f6d7634a000 rw-p 00000000 00:00 0 
7f6d7634a000-7f6d76360000 r-xp 00000000 08:01 6031424                    /usr/lib/jvm/java-8-oracle/jre/lib/amd64/libnet.so
7f6d76360000-7f6d76560000 ---p 00016000 08:01 6031424                    /usr/lib/jvm/java-8-oracle/jre/lib/amd64/libnet.so
7f6d76560000-7f6d76561000 rw-p 00016000 08:01 6031424                    /usr/lib/jvm/java-8-oracle/jre/lib/amd64/libnet.so
7f6d76561000-7f6d76564000 ---p 00000000 00:00 0 
7f6d76564000-7f6d76662000 rw-p 00000000 00:00 0                          [stack:30722]
7f6d76662000-7f6d76663000 r-xp 00000000 00:1f 77544987                   /share/instsww/pkg/idea-IC-143.1184.17/bin/libbreakgen64.so
7f6d76663000-7f6d76862000 ---p 00001000 00:1f 77544987                   /share/instsww/pkg/idea-IC-143.1184.17/bin/libbreakgen64.so
7f6d76862000-7f6d76863000 r--p 00000000 00:1f 77544987                   /share/instsww/pkg/idea-IC-143.1184.17/bin/libbreakgen64.so
7f6d76863000-7f6d76864000 rw-p 00001000 00:1f 77544987                   /share/instsww/pkg/idea-IC-143.1184.17/bin/libbreakgen64.so
7f6d76864000-7f6d76877000 r--s 00344000 08:01 4988012                    /usr/lib/jvm/java-8-oracle/jre/lib/resources.jar
7f6d76877000-7f6d7688a000 r--s 000d6000 08:01 4987891                    /usr/lib/jvm/java-8-oracle/jre/lib/plugin.jar
7f6d7688a000-7f6d768a5000 r--s 00208000 08:01 4987908                    /usr/lib/jvm/java-8-oracle/jre/lib/deploy.jar
7f6d768a5000-7f6d768a6000 ---p 00000000 00:00 0 
7f6d768a6000-7f6d769a6000 rw-p 00000000 00:00 0                          [stack:30716]
7f6d769a6000-7f6d769a9000 ---p 00000000 00:00 0 
7f6d769a9000-7f6d76aa7000 rw-p 00000000 00:00 0                          [stack:30715]
7f6d76aa7000-7f6d76aaa000 ---p 00000000 00:00 0 
7f6d76aaa000-7f6d76ba8000 rw-p 00000000 00:00 0                          [stack:30712]
7f6d76ba8000-7f6d76bab000 ---p 00000000 00:00 0 
7f6d76bab000-7f6d76ca9000 rw-p 00000000 00:00 0                          [stack:30711]
7f6d76ca9000-7f6d76cac000 ---p 00000000 00:00 0 
7f6d76cac000-7f6d76daa000 rw-p 00000000 00:00 0                          [stack:30710]
7f6d76daa000-7f6d76dad000 ---p 00000000 00:00 0 
7f6d76dad000-7f6d76eab000 rw-p 00000000 00:00 0                          [stack:30709]
7f6d76eab000-7f6d771b0000 r--p 00000000 08:01 1970984                    /usr/lib/locale/locale-archive
7f6d771b0000-7f6d771b3000 ---p 00000000 00:00 0 
7f6d771b3000-7f6d772b1000 rw-p 00000000 00:00 0                          [stack:30700]
7f6d772b1000-7f6d772b4000 ---p 00000000 00:00 0 
7f6d772b4000-7f6d773b2000 rw-p 00000000 00:00 0                          [stack:30699]
7f6d773b2000-7f6d773b3000 ---p 00000000 00:00 0 
7f6d773b3000-7f6d78000000 rw-p 00000000 00:00 0                          [stack:30698]
7f6d78000000-7f6d78021000 rw-p 00000000 00:00 0 
7f6d78021000-7f6d7c000000 ---p 00000000 00:00 0 
7f6d7c000000-7f6d7c021000 rw-p 00000000 00:00 0 
7f6d7c021000-7f6d80000000 ---p 00000000 00:00 0 
7f6d80000000-7f6d80021000 rw-p 00000000 00:00 0 
7f6d80021000-7f6d84000000 ---p 00000000 00:00 0 
7f6d84000000-7f6d84021000 rw-p 00000000 00:00 0 
7f6d84021000-7f6d88000000 ---p 00000000 00:00 0 
7f6d88007000-7f6d88009000 r--s 0001e000 00:1f 1694264                    /share/instsww/pkg/idea-IC-143.1184.17/lib/idea_rt.jar
7f6d88009000-7f6d8800d000 r--s 00097000 08:01 4988006                    /usr/lib/jvm/java-8-oracle/jre/lib/jsse.jar
7f6d8800d000-7f6d88792000 rw-p 00000000 00:00 0 
7f6d88792000-7f6d88b52000 ---p 00000000 00:00 0 
7f6d88b52000-7f6d91000000 rw-p 00000000 00:00 0 
7f6d91000000-7f6d91270000 rwxp 00000000 00:00 0 
7f6d91270000-7f6da0000000 ---p 00000000 00:00 0 
7f6da0000000-7f6da013f000 rw-p 00000000 00:00 0 
7f6da013f000-7f6da4000000 ---p 00000000 00:00 0 
7f6da4001000-7f6da4172000 rw-p 00000000 00:00 0 
7f6da4172000-7f6da434b000 r--s 03d1f000 08:01 4988004                    /usr/lib/jvm/java-8-oracle/jre/lib/rt.jar
7f6da434b000-7f6da43c1000 rw-p 00000000 00:00 0 
7f6da43c1000-7f6da43c2000 ---p 00000000 00:00 0 
7f6da43c2000-7f6da44c2000 rw-p 00000000 00:00 0                          [stack:30694]
7f6da44c2000-7f6da44c3000 ---p 00000000 00:00 0 
7f6da44c3000-7f6da45c3000 rw-p 00000000 00:00 0                          [stack:30693]
7f6da45c3000-7f6da45c4000 ---p 00000000 00:00 0 
7f6da45c4000-7f6da46c4000 rw-p 00000000 00:00 0                          [stack:30692]
7f6da46c4000-7f6da46c5000 ---p 00000000 00:00 0 
7f6da46c5000-7f6da49d5000 rw-p 00000000 00:00 0                          [stack:30691]
7f6da49d5000-7f6da4cf9000 ---p 00000000 00:00 0 
7f6da4cf9000-7f6da4f09000 rw-p 00000000 00:00 0 
7f6da4f09000-7f6da522d000 ---p 00000000 00:00 0 
7f6da522d000-7f6da5449000 rw-p 00000000 00:00 0 
7f6da5449000-7f6da54c7000 ---p 00000000 00:00 0 
7f6da54c7000-7f6da54d2000 rw-p 00000000 00:00 0 
7f6da54d2000-7f6da5888000 ---p 00000000 00:00 0 
7f6da5888000-7f6da58a2000 r-xp 00000000 08:01 6031371                    /usr/lib/jvm/java-8-oracle/jre/lib/amd64/libzip.so
7f6da58a2000-7f6da5aa2000 ---p 0001a000 08:01 6031371                    /usr/lib/jvm/java-8-oracle/jre/lib/amd64/libzip.so
7f6da5aa2000-7f6da5aa3000 rw-p 0001a000 08:01 6031371                    /usr/lib/jvm/java-8-oracle/jre/lib/amd64/libzip.so
7f6da5aa3000-7f6da6121000 r--s 00000000 08:01 2884483                    /var/lib/sss/mc/passwd
7f6da6121000-7f6da6128000 r-xp 00000000 08:01 10223753                   /lib/x86_64-linux-gnu/libnss_sss.so.2
7f6da6128000-7f6da6327000 ---p 00007000 08:01 10223753                   /lib/x86_64-linux-gnu/libnss_sss.so.2
7f6da6327000-7f6da6328000 r--p 00006000 08:01 10223753                   /lib/x86_64-linux-gnu/libnss_sss.so.2
7f6da6328000-7f6da6329000 rw-p 00007000 08:01 10223753                   /lib/x86_64-linux-gnu/libnss_sss.so.2
7f6da6329000-7f6da64c4000 r-xp 00000000 08:01 1969453                    /usr/lib/x86_64-linux-gnu/libdb-5.3.so
7f6da64c4000-7f6da66c3000 ---p 0019b000 08:01 1969453                    /usr/lib/x86_64-linux-gnu/libdb-5.3.so
7f6da66c3000-7f6da66ca000 r--p 0019a000 08:01 1969453                    /usr/lib/x86_64-linux-gnu/libdb-5.3.so
7f6da66ca000-7f6da66cb000 rw-p 001a1000 08:01 1969453                    /usr/lib/x86_64-linux-gnu/libdb-5.3.so
7f6da66cb000-7f6da66d1000 r-xp 00000000 08:01 1835445                    /usr/lib/libnss_db-2.2.3.so
7f6da66d1000-7f6da68d0000 ---p 00006000 08:01 1835445                    /usr/lib/libnss_db-2.2.3.so
7f6da68d0000-7f6da68d1000 r--p 00005000 08:01 1835445                    /usr/lib/libnss_db-2.2.3.so
7f6da68d1000-7f6da68d2000 rw-p 00006000 08:01 1835445                    /usr/lib/libnss_db-2.2.3.so
7f6da68d2000-7f6da68dc000 r-xp 00000000 08:01 10224151                   /lib/x86_64-linux-gnu/libnss_files-2.19.so
7f6da68dc000-7f6da6adb000 ---p 0000a000 08:01 10224151                   /lib/x86_64-linux-gnu/libnss_files-2.19.so
7f6da6adb000-7f6da6adc000 r--p 00009000 08:01 10224151                   /lib/x86_64-linux-gnu/libnss_files-2.19.so
7f6da6adc000-7f6da6add000 rw-p 0000a000 08:01 10224151                   /lib/x86_64-linux-gnu/libnss_files-2.19.so
7f6da6add000-7f6da6b07000 r-xp 00000000 08:01 6031411                    /usr/lib/jvm/java-8-oracle/jre/lib/amd64/libjava.so
7f6da6b07000-7f6da6d07000 ---p 0002a000 08:01 6031411                    /usr/lib/jvm/java-8-oracle/jre/lib/amd64/libjava.so
7f6da6d07000-7f6da6d09000 rw-p 0002a000 08:01 6031411                    /usr/lib/jvm/java-8-oracle/jre/lib/amd64/libjava.so
7f6da6d09000-7f6da6d16000 r-xp 00000000 08:01 6031425                    /usr/lib/jvm/java-8-oracle/jre/lib/amd64/libverify.so
7f6da6d16000-7f6da6f16000 ---p 0000d000 08:01 6031425                    /usr/lib/jvm/java-8-oracle/jre/lib/amd64/libverify.so
7f6da6f16000-7f6da6f18000 rw-p 0000d000 08:01 6031425                    /usr/lib/jvm/java-8-oracle/jre/lib/amd64/libverify.so
7f6da6f18000-7f6da6f1f000 r-xp 00000000 08:01 10224142                   /lib/x86_64-linux-gnu/librt-2.19.so
7f6da6f1f000-7f6da711e000 ---p 00007000 08:01 10224142                   /lib/x86_64-linux-gnu/librt-2.19.so
7f6da711e000-7f6da711f000 r--p 00006000 08:01 10224142                   /lib/x86_64-linux-gnu/librt-2.19.so
7f6da711f000-7f6da7120000 rw-p 00007000 08:01 10224142                   /lib/x86_64-linux-gnu/librt-2.19.so
7f6da7120000-7f6da7225000 r-xp 00000000 08:01 10223893                   /lib/x86_64-linux-gnu/libm-2.19.so
7f6da7225000-7f6da7424000 ---p 00105000 08:01 10223893                   /lib/x86_64-linux-gnu/libm-2.19.so
7f6da7424000-7f6da7425000 r--p 00104000 08:01 10223893                   /lib/x86_64-linux-gnu/libm-2.19.so
7f6da7425000-7f6da7426000 rw-p 00105000 08:01 10223893                   /lib/x86_64-linux-gnu/libm-2.19.so
7f6da7426000-7f6da80e6000 r-xp 00000000 08:01 6031404                    /usr/lib/jvm/java-8-oracle/jre/lib/amd64/server/libjvm.so
7f6da80e6000-7f6da82e6000 ---p 00cc0000 08:01 6031404                    /usr/lib/jvm/java-8-oracle/jre/lib/amd64/server/libjvm.so
7f6da82e6000-7f6da83be000 rw-p 00cc0000 08:01 6031404                    /usr/lib/jvm/java-8-oracle/jre/lib/amd64/server/libjvm.so
7f6da83be000-7f6da8409000 rw-p 00000000 00:00 0 
7f6da8409000-7f6da85c3000 r-xp 00000000 08:01 10224145                   /lib/x86_64-linux-gnu/libc-2.19.so
7f6da85c3000-7f6da87c3000 ---p 001ba000 08:01 10224145                   /lib/x86_64-linux-gnu/libc-2.19.so
7f6da87c3000-7f6da87c7000 r--p 001ba000 08:01 10224145                   /lib/x86_64-linux-gnu/libc-2.19.so
7f6da87c7000-7f6da87c9000 rw-p 001be000 08:01 10224145                   /lib/x86_64-linux-gnu/libc-2.19.so
7f6da87c9000-7f6da87ce000 rw-p 00000000 00:00 0 
7f6da87ce000-7f6da87d1000 r-xp 00000000 08:01 10223901                   /lib/x86_64-linux-gnu/libdl-2.19.so
7f6da87d1000-7f6da89d0000 ---p 00003000 08:01 10223901                   /lib/x86_64-linux-gnu/libdl-2.19.so
7f6da89d0000-7f6da89d1000 r--p 00002000 08:01 10223901                   /lib/x86_64-linux-gnu/libdl-2.19.so
7f6da89d1000-7f6da89d2000 rw-p 00003000 08:01 10223901                   /lib/x86_64-linux-gnu/libdl-2.19.so
7f6da89d2000-7f6da89e7000 r-xp 00000000 08:01 1969447                    /usr/lib/jvm/java-8-oracle/lib/amd64/jli/libjli.so
7f6da89e7000-7f6da8be7000 ---p 00015000 08:01 1969447                    /usr/lib/jvm/java-8-oracle/lib/amd64/jli/libjli.so
7f6da8be7000-7f6da8be8000 rw-p 00015000 08:01 1969447                    /usr/lib/jvm/java-8-oracle/lib/amd64/jli/libjli.so
7f6da8be8000-7f6da8c01000 r-xp 00000000 08:01 10223962                   /lib/x86_64-linux-gnu/libpthread-2.19.so
7f6da8c01000-7f6da8e00000 ---p 00019000 08:01 10223962                   /lib/x86_64-linux-gnu/libpthread-2.19.so
7f6da8e00000-7f6da8e01000 r--p 00018000 08:01 10223962                   /lib/x86_64-linux-gnu/libpthread-2.19.so
7f6da8e01000-7f6da8e02000 rw-p 00019000 08:01 10223962                   /lib/x86_64-linux-gnu/libpthread-2.19.so
7f6da8e02000-7f6da8e06000 rw-p 00000000 00:00 0 
7f6da8e06000-7f6da8e29000 r-xp 00000000 08:01 10223983                   /lib/x86_64-linux-gnu/ld-2.19.so
7f6da8e29000-7f6da8e2a000 rw-p 00000000 00:00 0 
7f6da8e2a000-7f6da8e2b000 r--s 00000000 08:01 4988007                    /usr/lib/jvm/java-8-oracle/jre/lib/management-agent.jar
7f6da8e2b000-7f6da8e2d000 r--s 00007000 08:01 4988019                    /usr/lib/jvm/java-8-oracle/jre/lib/jfxswt.jar
7f6da8e2d000-7f6da8eff000 rw-p 00000000 00:00 0 
7f6da8eff000-7f6da8f02000 ---p 00000000 00:00 0 
7f6da8f02000-7f6da9004000 rw-p 00000000 00:00 0                          [stack:30687]
7f6da9004000-7f6da9009000 r--s 00084000 08:01 4987910                    /usr/lib/jvm/java-8-oracle/jre/lib/jfr.jar
7f6da9009000-7f6da900c000 r--s 0001a000 08:01 4988010                    /usr/lib/jvm/java-8-oracle/jre/lib/jce.jar
7f6da900c000-7f6da9016000 r--s 0006c000 08:01 4987906                    /usr/lib/jvm/java-8-oracle/jre/lib/javaws.jar
7f6da9016000-7f6da901c000 r--s 002f8000 08:01 4987915                    /usr/lib/jvm/java-8-oracle/jre/lib/charsets.jar
7f6da901c000-7f6da9024000 rw-s 00000000 08:01 1048663                    /tmp/hsperfdata_cs61bl-bk/30684
7f6da9024000-7f6da9025000 rw-p 00000000 00:00 0 
7f6da9025000-7f6da9026000 ---p 00000000 00:00 0 
7f6da9026000-7f6da9028000 rw-p 00000000 00:00 0 
7f6da9028000-7f6da9029000 r--p 00022000 08:01 10223983                   /lib/x86_64-linux-gnu/ld-2.19.so
7f6da9029000-7f6da902a000 rw-p 00023000 08:01 10223983                   /lib/x86_64-linux-gnu/ld-2.19.so
7f6da902a000-7f6da902b000 rw-p 00000000 00:00 0 
7ffd86193000-7ffd861b4000 rw-p 00000000 00:00 0                          [stack]
7ffd861fc000-7ffd861fe000 r-xp 00000000 00:00 0                          [vdso]
ffffffffff600000-ffffffffff601000 r-xp 00000000 00:00 0                  [vsyscall]

VM Arguments:
jvm_args: -Didea.launcher.port=7535 -Didea.launcher.bin.path=/share/instsww/pkg/idea-IC-143.1184.17/bin -Dfile.encoding=UTF-8 
java_command: com.intellij.rt.execution.application.AppMain IntList
java_class_path (initial): /usr/lib/jvm/java-8-oracle/jre/lib/charsets.jar:/usr/lib/jvm/java-8-oracle/jre/lib/deploy.jar:/usr/lib/jvm/java-8-oracle/jre/lib/ext/cldrdata.jar:/usr/lib/jvm/java-8-oracle/jre/lib/ext/dnsns.jar:/usr/lib/jvm/java-8-oracle/jre/lib/ext/jaccess.jar:/usr/lib/jvm/java-8-oracle/jre/lib/ext/jfxrt.jar:/usr/lib/jvm/java-8-oracle/jre/lib/ext/localedata.jar:/usr/lib/jvm/java-8-oracle/jre/lib/ext/nashorn.jar:/usr/lib/jvm/java-8-oracle/jre/lib/ext/sunec.jar:/usr/lib/jvm/java-8-oracle/jre/lib/ext/sunjce_provider.jar:/usr/lib/jvm/java-8-oracle/jre/lib/ext/sunpkcs11.jar:/usr/lib/jvm/java-8-oracle/jre/lib/ext/zipfs.jar:/usr/lib/jvm/java-8-oracle/jre/lib/javaws.jar:/usr/lib/jvm/java-8-oracle/jre/lib/jce.jar:/usr/lib/jvm/java-8-oracle/jre/lib/jfr.jar:/usr/lib/jvm/java-8-oracle/jre/lib/jfxswt.jar:/usr/lib/jvm/java-8-oracle/jre/lib/jsse.jar:/usr/lib/jvm/java-8-oracle/jre/lib/management-agent.jar:/usr/lib/jvm/java-8-oracle/jre/lib/plugin.jar:/usr/lib/jvm/java-8-oracle/jre/lib/resources.jar:/usr/lib/jvm/java-8-oracle/jre/lib/rt.jar:/home/cc/cs61bl/su16/class/cs61bl-bk/cs61b/bk/lab21/out/production/lab21:/share/instsww/pkg/idea-IC-143.1184.17/lib/idea_rt.jar
Launcher Type: SUN_STANDARD

Environment Variables:
PATH=/usr/local/sbin:/usr/local/bin:/usr/sbin:/usr/bin:/sbin:/bin:/usr/games:/usr/local/games
SHELL=/bin/bash
DISPLAY=:0

Signal Handlers:
SIGSEGV: [libjvm.so+0xabca10], sa_mask[0]=11111111011111111101111111111110, sa_flags=SA_RESTART|SA_SIGINFO
SIGBUS: [libjvm.so+0xabca10], sa_mask[0]=11111111011111111101111111111110, sa_flags=SA_RESTART|SA_SIGINFO
SIGFPE: [libjvm.so+0x919a20], sa_mask[0]=11111111011111111101111111111110, sa_flags=SA_RESTART|SA_SIGINFO
SIGPIPE: [libjvm.so+0x919a20], sa_mask[0]=11111111011111111101111111111110, sa_flags=SA_RESTART|SA_SIGINFO
SIGXFSZ: [libjvm.so+0x919a20], sa_mask[0]=11111111011111111101111111111110, sa_flags=SA_RESTART|SA_SIGINFO
SIGILL: [libjvm.so+0x919a20], sa_mask[0]=11111111011111111101111111111110, sa_flags=SA_RESTART|SA_SIGINFO
SIGUSR1: SIG_DFL, sa_mask[0]=00000000000000000000000000000000, sa_flags=none
SIGUSR2: [libjvm.so+0x91b050], sa_mask[0]=00100000000000000000000000000000, sa_flags=SA_RESTART|SA_SIGINFO
SIGHUP: [libjvm.so+0x91c450], sa_mask[0]=11111111011111111101111111111110, sa_flags=SA_RESTART|SA_SIGINFO
SIGINT: [libjvm.so+0x91c450], sa_mask[0]=11111111011111111101111111111110, sa_flags=SA_RESTART|SA_SIGINFO
SIGTERM: [libjvm.so+0x91c450], sa_mask[0]=11111111011111111101111111111110, sa_flags=SA_RESTART|SA_SIGINFO
SIGQUIT: [libjvm.so+0x91c450], sa_mask[0]=11111111011111111101111111111110, sa_flags=SA_RESTART|SA_SIGINFO


---------------  S Y S T E M  ---------------

OS:DISTRIB_ID=Ubuntu
DISTRIB_RELEASE=14.04
DISTRIB_CODENAME=trusty
DISTRIB_DESCRIPTION="Ubuntu 14.04.4 LTS"

uname:Linux 3.13.0-92-generic #139-Ubuntu SMP Tue Jun 28 20:42:26 UTC 2016 x86_64
libc:glibc 2.19 NPTL 2.19 
rlimit: STACK 8192k, CORE 0k, NPROC 127606, NOFILE 4096, AS infinity
load average:15.93 15.20 11.71

/proc/meminfo:
MemTotal:       16365552 kB
MemFree:          170804 kB
Buffers:             168 kB
Cached:           221440 kB
SwapCached:            0 kB
Active:         15741356 kB
Inactive:         216216 kB
Active(anon):   15738336 kB
Inactive(anon):   210248 kB
Active(file):       3020 kB
Inactive(file):     5968 kB
Unevictable:          32 kB
Mlocked:              32 kB
SwapTotal:             0 kB
SwapFree:              0 kB
Dirty:               116 kB
Writeback:             0 kB
AnonPages:      15736648 kB
Mapped:            50588 kB
Shmem:            212088 kB
Slab:              57500 kB
SReclaimable:      24756 kB
SUnreclaim:        32744 kB
KernelStack:        4624 kB
PageTables:        57156 kB
NFS_Unstable:          0 kB
Bounce:                0 kB
WritebackTmp:          0 kB
CommitLimit:     8182776 kB
Committed_AS:   19308584 kB
VmallocTotal:   34359738367 kB
VmallocUsed:      371764 kB
VmallocChunk:   34359319152 kB
HardwareCorrupted:     0 kB
AnonHugePages:  12310528 kB
HugePages_Total:       0
HugePages_Free:        0
HugePages_Rsvd:        0
HugePages_Surp:        0
Hugepagesize:       2048 kB
DirectMap4k:       97156 kB
DirectMap2M:    16611328 kB


CPU:total 4 (2 cores per cpu, 2 threads per core) family 6 model 58 stepping 9, cmov, cx8, fxsr, mmx, sse, sse2, sse3, ssse3, sse4.1, sse4.2, popcnt, avx, clmul, erms, ht, tsc, tscinvbit, tscinv

/proc/cpuinfo:
processor	: 0
vendor_id	: GenuineIntel
cpu family	: 6
model		: 58
model name	: Intel(R) Core(TM) i3-3217U CPU @ 1.80GHz
stepping	: 9
microcode	: 0x1b
cpu MHz		: 1800.000
cache size	: 3072 KB
physical id	: 0
siblings	: 4
core id		: 0
cpu cores	: 2
apicid		: 0
initial apicid	: 0
fpu		: yes
fpu_exception	: yes
cpuid level	: 13
wp		: yes
flags		: fpu vme de pse tsc msr pae mce cx8 apic sep mtrr pge mca cmov pat pse36 clflush dts acpi mmx fxsr sse sse2 ss ht tm pbe syscall nx rdtscp lm constant_tsc arch_perfmon pebs bts rep_good nopl xtopology nonstop_tsc aperfmperf eagerfpu pni pclmulqdq dtes64 monitor ds_cpl vmx est tm2 ssse3 cx16 xtpr pdcm pcid sse4_1 sse4_2 x2apic popcnt tsc_deadline_timer xsave avx f16c lahf_lm arat epb xsaveopt pln pts dtherm tpr_shadow vnmi flexpriority ept vpid fsgsbase smep erms
bogomips	: 3595.55
clflush size	: 64
cache_alignment	: 64
address sizes	: 36 bits physical, 48 bits virtual
power management:

processor	: 1
vendor_id	: GenuineIntel
cpu family	: 6
model		: 58
model name	: Intel(R) Core(TM) i3-3217U CPU @ 1.80GHz
stepping	: 9
microcode	: 0x1b
cpu MHz		: 1800.000
cache size	: 3072 KB
physical id	: 0
siblings	: 4
core id		: 1
cpu cores	: 2
apicid		: 2
initial apicid	: 2
fpu		: yes
fpu_exception	: yes
cpuid level	: 13
wp		: yes
flags		: fpu vme de pse tsc msr pae mce cx8 apic sep mtrr pge mca cmov pat pse36 clflush dts acpi mmx fxsr sse sse2 ss ht tm pbe syscall nx rdtscp lm constant_tsc arch_perfmon pebs bts rep_good nopl xtopology nonstop_tsc aperfmperf eagerfpu pni pclmulqdq dtes64 monitor ds_cpl vmx est tm2 ssse3 cx16 xtpr pdcm pcid sse4_1 sse4_2 x2apic popcnt tsc_deadline_timer xsave avx f16c lahf_lm arat epb xsaveopt pln pts dtherm tpr_shadow vnmi flexpriority ept vpid fsgsbase smep erms
bogomips	: 3595.55
clflush size	: 64
cache_alignment	: 64
address sizes	: 36 bits physical, 48 bits virtual
power management:

processor	: 2
vendor_id	: GenuineIntel
cpu family	: 6
model		: 58
model name	: Intel(R) Core(TM) i3-3217U CPU @ 1.80GHz
stepping	: 9
microcode	: 0x1b
cpu MHz		: 1800.000
cache size	: 3072 KB
physical id	: 0
siblings	: 4
core id		: 0
cpu cores	: 2
apicid		: 1
initial apicid	: 1
fpu		: yes
fpu_exception	: yes
cpuid level	: 13
wp		: yes
flags		: fpu vme de pse tsc msr pae mce cx8 apic sep mtrr pge mca cmov pat pse36 clflush dts acpi mmx fxsr sse sse2 ss ht tm pbe syscall nx rdtscp lm constant_tsc arch_perfmon pebs bts rep_good nopl xtopology nonstop_tsc aperfmperf eagerfpu pni pclmulqdq dtes64 monitor ds_cpl vmx est tm2 ssse3 cx16 xtpr pdcm pcid sse4_1 sse4_2 x2apic popcnt tsc_deadline_timer xsave avx f16c lahf_lm arat epb xsaveopt pln pts dtherm tpr_shadow vnmi flexpriority ept vpid fsgsbase smep erms
bogomips	: 3595.55
clflush size	: 64
cache_alignment	: 64
address sizes	: 36 bits physical, 48 bits virtual
power management:

processor	: 3
vendor_id	: GenuineIntel
cpu family	: 6
model		: 58
model name	: Intel(R) Core(TM) i3-3217U CPU @ 1.80GHz
stepping	: 9
microcode	: 0x1b
cpu MHz		: 1800.000
cache size	: 3072 KB
physical id	: 0
siblings	: 4
core id		: 1
cpu cores	: 2
apicid		: 3
initial apicid	: 3
fpu		: yes
fpu_exception	: yes
cpuid level	: 13
wp		: yes
flags		: fpu vme de pse tsc msr pae mce cx8 apic sep mtrr pge mca cmov pat pse36 clflush dts acpi mmx fxsr sse sse2 ss ht tm pbe syscall nx rdtscp lm constant_tsc arch_perfmon pebs bts rep_good nopl xtopology nonstop_tsc aperfmperf eagerfpu pni pclmulqdq dtes64 monitor ds_cpl vmx est tm2 ssse3 cx16 xtpr pdcm pcid sse4_1 sse4_2 x2apic popcnt tsc_deadline_timer xsave avx f16c lahf_lm arat epb xsaveopt pln pts dtherm tpr_shadow vnmi flexpriority ept vpid fsgsbase smep erms
bogomips	: 3595.55
clflush size	: 64
cache_alignment	: 64
address sizes	: 36 bits physical, 48 bits virtual
power management:



Memory: 4k page, physical 16365552k(170804k free), swap 0k(0k free)

vm_info: Java HotSpot(TM) 64-Bit Server VM (25.91-b14) for linux-amd64 JRE (1.8.0_91-b14), built on Apr  1 2016 00:57:21 by "java_re" with gcc 4.3.0 20080428 (Red Hat 4.3.0-8)

time: Tue Aug  2 22:08:46 2016
elapsed time: 43 seconds (0d 0h 0m 43s)

