#
# There is insufficient memory for the Java Runtime Environment to continue.
# Native memory allocation (mmap) failed to map 447217664 bytes for committing reserved memory.
# Possible reasons:
#   The system is out of physical RAM or swap space
#   In 32 bit mode, the process size limit was hit
# Possible solutions:
#   Reduce memory load on the system
#   Increase physical memory or swap space
#   Check if swap backing store is full
#   Use 64 bit Java on a 64 bit OS
#   Decrease Java heap size (-Xmx/-Xms)
#   Decrease number of Java threads
#   Decrease Java thread stack sizes (-Xss)
#   Set larger code cache with -XX:ReservedCodeCacheSize=
# This output file may be truncated or incomplete.
#
#  Out of Memory Error (os_linux.cpp:2627), pid=26068, tid=140582108493568
#
# JRE version: Java(TM) SE Runtime Environment (8.0_91-b14) (build 1.8.0_91-b14)
# Java VM: Java HotSpot(TM) 64-Bit Server VM (25.91-b14 mixed mode linux-amd64 compressed oops)
# Failed to write core dump. Core dumps have been disabled. To enable core dumping, try "ulimit -c unlimited" before starting Java again
#

---------------  T H R E A D  ---------------

Current thread (0x00007fdbf007a800):  VMThread [stack: 0x00007fdbd2937000,0x00007fdbd2a38000] [id=26081]

Stack: [0x00007fdbd2937000,0x00007fdbd2a38000],  sp=0x00007fdbd2a36360,  free space=1020k
Native frames: (J=compiled Java code, j=interpreted, Vv=VM code, C=native code)
V  [libjvm.so+0xabc18a]  VMError::report_and_die()+0x2ba
V  [libjvm.so+0x4fafeb]  report_vm_out_of_memory(char const*, int, unsigned long, VMErrorType, char const*)+0x8b
V  [libjvm.so+0x91cbb3]  os::Linux::commit_memory_impl(char*, unsigned long, bool)+0x103
V  [libjvm.so+0x91d109]  os::pd_commit_memory(char*, unsigned long, unsigned long, bool)+0x29
V  [libjvm.so+0x91740a]  os::commit_memory(char*, unsigned long, unsigned long, bool)+0x2a
V  [libjvm.so+0x98b033]  PSVirtualSpace::expand_by(unsigned long)+0x53
V  [libjvm.so+0x97b920]  PSOldGen::expand(unsigned long)+0x170
V  [libjvm.so+0x97bb2b]  PSOldGen::resize(unsigned long)+0x1cb
V  [libjvm.so+0x983801]  PSParallelCompact::invoke_no_policy(bool)+0x991
V  [libjvm.so+0x98915d]  PSScavenge::invoke()+0x1ad
V  [libjvm.so+0x9408b0]  ParallelScavengeHeap::failed_mem_allocate(unsigned long)+0x70
V  [libjvm.so+0xabdba7]  VM_ParallelGCFailedAllocation::doit()+0x97
V  [libjvm.so+0xac55d5]  VM_Operation::evaluate()+0x55
V  [libjvm.so+0xac39aa]  VMThread::evaluate_operation(VM_Operation*)+0xba
V  [libjvm.so+0xac3d2e]  VMThread::loop()+0x1ce
V  [libjvm.so+0xac41a0]  VMThread::run()+0x70
V  [libjvm.so+0x91ef78]  java_start(Thread*)+0x108

VM_Operation (0x00007fdbf8ce9710): ParallelGCFailedAllocation, mode: safepoint, requested by thread 0x00007fdbf000d000


---------------  P R O C E S S  ---------------

Java Threads: ( => current thread )
  0x00007fdbf00ed800 JavaThread "Service Thread" daemon [_thread_blocked, id=26108, stack(0x00007fdbd1d29000,0x00007fdbd1e2a000)]
  0x00007fdbf00cf800 JavaThread "C1 CompilerThread2" daemon [_thread_blocked, id=26106, stack(0x00007fdbd1e2a000,0x00007fdbd1f2b000)]
  0x00007fdbf00ce000 JavaThread "C2 CompilerThread1" daemon [_thread_blocked, id=26105, stack(0x00007fdbd1f2b000,0x00007fdbd202c000)]
  0x00007fdbf00cb000 JavaThread "C2 CompilerThread0" daemon [_thread_blocked, id=26104, stack(0x00007fdbd202c000,0x00007fdbd212d000)]
  0x00007fdbf00c9000 JavaThread "JDWP Event Helper Thread" daemon [_thread_blocked, id=26101, stack(0x00007fdbd222e000,0x00007fdbd232f000)]
  0x00007fdbf00b9000 JavaThread "Signal Dispatcher" daemon [_thread_blocked, id=26096, stack(0x00007fdbd2634000,0x00007fdbd2735000)]
  0x00007fdbf0087000 JavaThread "Finalizer" daemon [_thread_blocked, id=26086, stack(0x00007fdbd2735000,0x00007fdbd2836000)]
  0x00007fdbf0082000 JavaThread "Reference Handler" daemon [_thread_blocked, id=26085, stack(0x00007fdbd2836000,0x00007fdbd2937000)]
  0x00007fdbf000d000 JavaThread "main" [_thread_blocked, id=26069, stack(0x00007fdbf8bea000,0x00007fdbf8ceb000)]

Other Threads:
=>0x00007fdbf007a800 VMThread [stack: 0x00007fdbd2937000,0x00007fdbd2a38000] [id=26081]
  0x00007fdbf00f0800 WatcherThread [stack: 0x00007fdbd1c28000,0x00007fdbd1d29000] [id=26110]

VM state:at safepoint (normal execution)

VM Mutex/Monitor currently owned by a thread:  ([mutex/lock_event])
[0x00007fdbf00086f0] ExpandHeap_lock - owner thread: 0x00007fdbf007a800
[0x00007fdbf0008d70] Threads_lock - owner thread: 0x00007fdbf007a800
[0x00007fdbf0009270] Heap_lock - owner thread: 0x00007fdbf000d000

Heap:
 PSYoungGen      total 506880K, used 234778K [0x000000076cc00000, 0x00000007b1280000, 0x00000007c0000000)
  eden space 175616K, 0% used [0x000000076cc00000,0x000000076cc00000,0x0000000777780000)
  from space 331264K, 70% used [0x0000000791300000,0x000000079f846a00,0x00000007a5680000)
  to   space 421376K, 0% used [0x0000000777780000,0x0000000777780000,0x0000000791300000)
 ParOldGen       total 985088K, used 984721K [0x00000006c6400000, 0x0000000702600000, 0x000000076cc00000)
  object space 985088K, 99% used [0x00000006c6400000,0x00000007025a47c0,0x0000000702600000)
 Metaspace       used 2735K, capacity 4564K, committed 4864K, reserved 1056768K
  class space    used 292K, capacity 388K, committed 512K, reserved 1048576K

Card table byte_map: [0x00007fdbf42a2000,0x00007fdbf4a71000] byte_map_base: 0x00007fdbf0c70000

Marking Bits: (ParMarkBitMap*) 0x00007fdbf80c7d60
 Begin Bits: [0x00007fdbd4320000, 0x00007fdbd8190000)
 End Bits:   [0x00007fdbd8190000, 0x00007fdbdc000000)

Polling page: 0x00007fdbf8d10000

CodeCache: size=245760Kb used=1133Kb max_used=1145Kb free=244626Kb
 bounds [0x00007fdbe1000000, 0x00007fdbe1270000, 0x00007fdbf0000000]
 total_blobs=270 nmethods=43 adapters=149
 compilation: enabled

Compilation events (10 events):
Event: 447.760 Thread 0x00007fdbf00cf800   37       3       java.lang.AbstractStringBuilder::<init> (12 bytes)
Event: 447.760 Thread 0x00007fdbf00cf800 nmethod 37 0x00007fdbe1113990 code [0x00007fdbe1113b00, 0x00007fdbe1113d50]
Event: 447.761 Thread 0x00007fdbf00cb000   40       4       IntList::addToFront (71 bytes)
Event: 447.771 Thread 0x00007fdbf00cb000 nmethod 40 0x00007fdbe111b390 code [0x00007fdbe111b4e0, 0x00007fdbe111b638]
Event: 447.779 Thread 0x00007fdbf00cf800   41 %     3       IntList::quicksort @ 43 (171 bytes)
Event: 447.781 Thread 0x00007fdbf00cf800 nmethod 41% 0x00007fdbe1119f50 code [0x00007fdbe111a1a0, 0x00007fdbe111ac88]
Event: 447.781 Thread 0x00007fdbf00cf800   42       3       IntList::quicksort (171 bytes)
Event: 447.782 Thread 0x00007fdbf00cf800 nmethod 42 0x00007fdbe1118cd0 code [0x00007fdbe1118f20, 0x00007fdbe1119928]
Event: 447.787 Thread 0x00007fdbf00ce000   43 %     4       IntList::quicksort @ 43 (171 bytes)
Event: 447.797 Thread 0x00007fdbf00ce000 nmethod 43% 0x00007fdbe111e750 code [0x00007fdbe111e8c0, 0x00007fdbe111ecd8]

GC Heap History (10 events):
Event: 513.202 GC heap after
Heap after GC invocations=10 (full 3):
 PSYoungGen      total 289792K, used 134144K [0x000000076cc00000, 0x0000000795280000, 0x00000007c0000000)
  eden space 155648K, 0% used [0x000000076cc00000,0x000000076cc00000,0x0000000776400000)
  from space 134144K, 100% used [0x0000000776400000,0x000000077e700000,0x000000077e700000)
  to   space 220160K, 0% used [0x0000000787b80000,0x0000000787b80000,0x0000000795280000)
 ParOldGen       total 629760K, used 520842K [0x00000006c6400000, 0x00000006ecb00000, 0x000000076cc00000)
  object space 629760K, 82% used [0x00000006c6400000,0x00000006e60a2b40,0x00000006ecb00000)
 Metaspace       used 2735K, capacity 4564K, committed 4864K, reserved 1056768K
  class space    used 292K, capacity 388K, committed 512K, reserved 1048576K
}
Event: 513.202 GC heap before
{Heap before GC invocations=11 (full 4):
 PSYoungGen      total 289792K, used 134144K [0x000000076cc00000, 0x0000000795280000, 0x00000007c0000000)
  eden space 155648K, 0% used [0x000000076cc00000,0x000000076cc00000,0x0000000776400000)
  from space 134144K, 100% used [0x0000000776400000,0x000000077e700000,0x000000077e700000)
  to   space 220160K, 0% used [0x0000000787b80000,0x0000000787b80000,0x0000000795280000)
 ParOldGen       total 629760K, used 520842K [0x00000006c6400000, 0x00000006ecb00000, 0x000000076cc00000)
  object space 629760K, 82% used [0x00000006c6400000,0x00000006e60a2b40,0x00000006ecb00000)
 Metaspace       used 2735K, capacity 4564K, committed 4864K, reserved 1056768K
  class space    used 292K, capacity 388K, committed 512K, reserved 1048576K
Event: 544.617 GC heap after
Heap after GC invocations=11 (full 4):
 PSYoungGen      total 289792K, used 24552K [0x000000076cc00000, 0x0000000795280000, 0x00000007c0000000)
  eden space 155648K, 0% used [0x000000076cc00000,0x000000076cc00000,0x0000000776400000)
  from space 134144K, 18% used [0x0000000776400000,0x0000000777bfa000,0x000000077e700000)
  to   space 220160K, 0% used [0x0000000787b80000,0x0000000787b80000,0x0000000795280000)
 ParOldGen       total 985088K, used 629704K [0x00000006c6400000, 0x0000000702600000, 0x000000076cc00000)
  object space 985088K, 63% used [0x00000006c6400000,0x00000006ecaf21a0,0x0000000702600000)
 Metaspace       used 2735K, capacity 4564K, committed 4864K, reserved 1056768K
  class space    used 292K, capacity 388K, committed 512K, reserved 1048576K
}
Event: 545.140 GC heap before
{Heap before GC invocations=12 (full 4):
 PSYoungGen      total 289792K, used 180200K [0x000000076cc00000, 0x0000000795280000, 0x00000007c0000000)
  eden space 155648K, 100% used [0x000000076cc00000,0x0000000776400000,0x0000000776400000)
  from space 134144K, 18% used [0x0000000776400000,0x0000000777bfa000,0x000000077e700000)
  to   space 220160K, 0% used [0x0000000787b80000,0x0000000787b80000,0x0000000795280000)
 ParOldGen       total 985088K, used 629704K [0x00000006c6400000, 0x0000000702600000, 0x000000076cc00000)
  object space 985088K, 63% used [0x00000006c6400000,0x00000006ecaf21a0,0x0000000702600000)
 Metaspace       used 2735K, capacity 4564K, committed 4864K, reserved 1056768K
  class space    used 292K, capacity 388K, committed 512K, reserved 1048576K
Event: 550.081 GC heap after
Heap after GC invocations=12 (full 4):
 PSYoungGen      total 424960K, used 180448K [0x000000076cc00000, 0x0000000796880000, 0x00000007c0000000)
  eden space 204800K, 0% used [0x000000076cc00000,0x000000076cc00000,0x0000000779400000)
  from space 220160K, 81% used [0x0000000787b80000,0x0000000792bb8000,0x0000000795280000)
  to   space 237056K, 0% used [0x0000000779400000,0x0000000779400000,0x0000000787b80000)
 ParOldGen       total 985088K, used 629704K [0x00000006c6400000, 0x0000000702600000, 0x000000076cc00000)
  object space 985088K, 63% used [0x00000006c6400000,0x00000006ecaf21a0,0x0000000702600000)
 Metaspace       used 2735K, capacity 4564K, committed 4864K, reserved 1056768K
  class space    used 292K, capacity 388K, committed 512K, reserved 1048576K
}
Event: 550.571 GC heap before
{Heap before GC invocations=13 (full 4):
 PSYoungGen      total 424960K, used 385248K [0x000000076cc00000, 0x0000000796880000, 0x00000007c0000000)
  eden space 204800K, 100% used [0x000000076cc00000,0x0000000779400000,0x0000000779400000)
  from space 220160K, 81% used [0x0000000787b80000,0x0000000792bb8000,0x0000000795280000)
  to   space 237056K, 0% used [0x0000000779400000,0x0000000779400000,0x0000000787b80000)
 ParOldGen       total 985088K, used 629704K [0x00000006c6400000, 0x0000000702600000, 0x000000076cc00000)
  object space 985088K, 63% used [0x00000006c6400000,0x00000006ecaf21a0,0x0000000702600000)
 Metaspace       used 2735K, capacity 4564K, committed 4864K, reserved 1056768K
  class space    used 292K, capacity 388K, committed 512K, reserved 1048576K
Event: 556.323 GC heap after
Heap after GC invocations=13 (full 4):
 PSYoungGen      total 441856K, used 237056K [0x000000076cc00000, 0x00000007a5680000, 0x00000007c0000000)
  eden space 204800K, 0% used [0x000000076cc00000,0x000000076cc00000,0x0000000779400000)
  from space 237056K, 100% used [0x0000000779400000,0x0000000787b80000,0x0000000787b80000)
  to   space 331264K, 0% used [0x0000000791300000,0x0000000791300000,0x00000007a5680000)
 ParOldGen       total 985088K, used 778464K [0x00000006c6400000, 0x0000000702600000, 0x000000076cc00000)
  object space 985088K, 79% used [0x00000006c6400000,0x00000006f5c381a0,0x0000000702600000)
 Metaspace       used 2735K, capacity 4564K, committed 4864K, reserved 1056768K
  class space    used 292K, capacity 388K, committed 512K, reserved 1048576K
}
Event: 556.979 GC heap before
{Heap before GC invocations=14 (full 4):
 PSYoungGen      total 441856K, used 441856K [0x000000076cc00000, 0x00000007a5680000, 0x00000007c0000000)
  eden space 204800K, 100% used [0x000000076cc00000,0x0000000779400000,0x0000000779400000)
  from space 237056K, 100% used [0x0000000779400000,0x0000000787b80000,0x0000000787b80000)
  to   space 331264K, 0% used [0x0000000791300000,0x0000000791300000,0x00000007a5680000)
 ParOldGen       total 985088K, used 778464K [0x00000006c6400000, 0x0000000702600000, 0x000000076cc00000)
  object space 985088K, 79% used [0x00000006c6400000,0x00000006f5c381a0,0x0000000702600000)
 Metaspace       used 2735K, capacity 4564K, committed 4864K, reserved 1056768K
  class space    used 292K, capacity 388K, committed 512K, reserved 1048576K
Event: 562.744 GC heap after
Heap after GC invocations=14 (full 4):
 PSYoungGen      total 506880K, used 331264K [0x000000076cc00000, 0x00000007b1280000, 0x00000007c0000000)
  eden space 175616K, 0% used [0x000000076cc00000,0x000000076cc00000,0x0000000777780000)
  from space 331264K, 100% used [0x0000000791300000,0x00000007a5680000,0x00000007a5680000)
  to   space 421376K, 0% used [0x0000000777780000,0x0000000777780000,0x0000000791300000)
 ParOldGen       total 985088K, used 889592K [0x00000006c6400000, 0x0000000702600000, 0x000000076cc00000)
  object space 985088K, 90% used [0x00000006c6400000,0x00000006fc8be1a0,0x0000000702600000)
 Metaspace       used 2735K, capacity 4564K, committed 4864K, reserved 1056768K
  class space    used 292K, capacity 388K, committed 512K, reserved 1048576K
}
Event: 562.744 GC heap before
{Heap before GC invocations=15 (full 5):
 PSYoungGen      total 506880K, used 331264K [0x000000076cc00000, 0x00000007b1280000, 0x00000007c0000000)
  eden space 175616K, 0% used [0x000000076cc00000,0x000000076cc00000,0x0000000777780000)
  from space 331264K, 100% used [0x0000000791300000,0x00000007a5680000,0x00000007a5680000)
  to   space 421376K, 0% used [0x0000000777780000,0x0000000777780000,0x0000000791300000)
 ParOldGen       total 985088K, used 889592K [0x00000006c6400000, 0x0000000702600000, 0x000000076cc00000)
  object space 985088K, 90% used [0x00000006c6400000,0x00000006fc8be1a0,0x0000000702600000)
 Metaspace       used 2735K, capacity 4564K, committed 4864K, reserved 1056768K
  class space    used 292K, capacity 388K, committed 512K, reserved 1048576K

Deoptimization events (0 events):
No events

Internal exceptions (10 events):
Event: 0.184 Thread 0x00007fdbf000d000 Exception <a 'java/lang/NoSuchMethodError': Method sun.misc.Unsafe.defineClass(Ljava/lang/String;[BII)Ljava/lang/Class; name or signature does not match> (0x000000076cc07cc0) thrown at [/HUDSON/workspace/8-2-build-linux-amd64/jdk8u91/6644/hotspot/src/shar
Event: 0.185 Thread 0x00007fdbf000d000 Exception <a 'java/lang/NoSuchMethodError': Method sun.misc.Unsafe.prefetchRead(Ljava/lang/Object;J)V name or signature does not match> (0x000000076cc07fa8) thrown at [/HUDSON/workspace/8-2-build-linux-amd64/jdk8u91/6644/hotspot/src/share/vm/prims/jni.cpp
Event: 447.744 Thread 0x00007fdbf000d000 Exception <a 'java/io/IOException'> (0x000000076cc947a8) thrown at [/HUDSON/workspace/8-2-build-linux-amd64/jdk8u91/6644/hotspot/src/share/vm/prims/jni.cpp, line 709]
Event: 447.745 Thread 0x00007fdbf000d000 Exception <a 'java/io/IOException'> (0x000000076cc950c0) thrown at [/HUDSON/workspace/8-2-build-linux-amd64/jdk8u91/6644/hotspot/src/share/vm/prims/jni.cpp, line 709]
Event: 447.745 Thread 0x00007fdbf000d000 Exception <a 'java/io/IOException'> (0x000000076cc95358) thrown at [/HUDSON/workspace/8-2-build-linux-amd64/jdk8u91/6644/hotspot/src/share/vm/prims/jni.cpp, line 709]
Event: 447.745 Thread 0x00007fdbf000d000 Exception <a 'java/io/IOException'> (0x000000076cc955c0) thrown at [/HUDSON/workspace/8-2-build-linux-amd64/jdk8u91/6644/hotspot/src/share/vm/prims/jni.cpp, line 709]
Event: 447.745 Thread 0x00007fdbf000d000 Exception <a 'java/io/IOException'> (0x000000076cc958c0) thrown at [/HUDSON/workspace/8-2-build-linux-amd64/jdk8u91/6644/hotspot/src/share/vm/prims/jni.cpp, line 709]
Event: 447.745 Thread 0x00007fdbf000d000 Exception <a 'java/io/IOException'> (0x000000076cc96410) thrown at [/HUDSON/workspace/8-2-build-linux-amd64/jdk8u91/6644/hotspot/src/share/vm/prims/jni.cpp, line 709]
Event: 447.746 Thread 0x00007fdbf000d000 Exception <a 'java/io/IOException'> (0x000000076cc966a8) thrown at [/HUDSON/workspace/8-2-build-linux-amd64/jdk8u91/6644/hotspot/src/share/vm/prims/jni.cpp, line 709]
Event: 447.746 Thread 0x00007fdbf000d000 Exception <a 'java/io/IOException'> (0x000000076cc96910) thrown at [/HUDSON/workspace/8-2-build-linux-amd64/jdk8u91/6644/hotspot/src/share/vm/prims/jni.cpp, line 709]

Events (10 events):
Event: 507.288 Executing VM operation: ParallelGCFailedAllocation done
Event: 507.656 Executing VM operation: ParallelGCFailedAllocation
Event: 509.439 Executing VM operation: ParallelGCFailedAllocation done
Event: 509.856 Executing VM operation: ParallelGCFailedAllocation
Event: 544.617 Executing VM operation: ParallelGCFailedAllocation done
Event: 545.138 Executing VM operation: ParallelGCFailedAllocation
Event: 550.081 Executing VM operation: ParallelGCFailedAllocation done
Event: 550.571 Executing VM operation: ParallelGCFailedAllocation
Event: 556.323 Executing VM operation: ParallelGCFailedAllocation done
Event: 556.979 Executing VM operation: ParallelGCFailedAllocation


Dynamic libraries:
00400000-00401000 r-xp 00000000 08:01 6170429                            /usr/lib/jvm/java-8-oracle/bin/java
00600000-00601000 rw-p 00000000 08:01 6170429                            /usr/lib/jvm/java-8-oracle/bin/java
01216000-01237000 rw-p 00000000 00:00 0                                  [heap]
6c6400000-702600000 rw-p 00000000 00:00 0 
71d080000-76cc00000 ---p 00000000 00:00 0 
76cc00000-7b1280000 rw-p 00000000 00:00 0 
7b1280000-7c0000000 ---p 00000000 00:00 0 
7c0000000-7c0080000 rw-p 00000000 00:00 0 
7c0080000-800000000 ---p 00000000 00:00 0 
7fdb94000000-7fdb94021000 rw-p 00000000 00:00 0 
7fdb94021000-7fdb98000000 ---p 00000000 00:00 0 
7fdb98000000-7fdb98021000 rw-p 00000000 00:00 0 
7fdb98021000-7fdb9c000000 ---p 00000000 00:00 0 
7fdb9c000000-7fdb9c03f000 rw-p 00000000 00:00 0 
7fdb9c03f000-7fdba0000000 ---p 00000000 00:00 0 
7fdba0000000-7fdba002f000 rw-p 00000000 00:00 0 
7fdba002f000-7fdba4000000 ---p 00000000 00:00 0 
7fdba4000000-7fdba4021000 rw-p 00000000 00:00 0 
7fdba4021000-7fdba8000000 ---p 00000000 00:00 0 
7fdba8000000-7fdba804e000 rw-p 00000000 00:00 0 
7fdba804e000-7fdbac000000 ---p 00000000 00:00 0 
7fdbac000000-7fdbac021000 rw-p 00000000 00:00 0 
7fdbac021000-7fdbb0000000 ---p 00000000 00:00 0 
7fdbb0000000-7fdbb0021000 rw-p 00000000 00:00 0 
7fdbb0021000-7fdbb4000000 ---p 00000000 00:00 0 
7fdbb4000000-7fdbb4021000 rw-p 00000000 00:00 0 
7fdbb4021000-7fdbb8000000 ---p 00000000 00:00 0 
7fdbb8000000-7fdbb8021000 rw-p 00000000 00:00 0 
7fdbb8021000-7fdbbc000000 ---p 00000000 00:00 0 
7fdbbc000000-7fdbbc021000 rw-p 00000000 00:00 0 
7fdbbc021000-7fdbc0000000 ---p 00000000 00:00 0 
7fdbc0000000-7fdbc0021000 rw-p 00000000 00:00 0 
7fdbc0021000-7fdbc4000000 ---p 00000000 00:00 0 
7fdbc4000000-7fdbc4021000 rw-p 00000000 00:00 0 
7fdbc4021000-7fdbc8000000 ---p 00000000 00:00 0 
7fdbc8000000-7fdbc8021000 rw-p 00000000 00:00 0 
7fdbc8021000-7fdbcc000000 ---p 00000000 00:00 0 
7fdbcc000000-7fdbcc021000 rw-p 00000000 00:00 0 
7fdbcc021000-7fdbd0000000 ---p 00000000 00:00 0 
7fdbd197d000-7fdbd1c02000 rw-p 00000000 00:00 0 
7fdbd1c02000-7fdbd1c15000 r--s 00344000 08:01 4988012                    /usr/lib/jvm/java-8-oracle/jre/lib/resources.jar
7fdbd1c15000-7fdbd1c28000 r--s 000d6000 08:01 4987891                    /usr/lib/jvm/java-8-oracle/jre/lib/plugin.jar
7fdbd1c28000-7fdbd1c29000 ---p 00000000 00:00 0 
7fdbd1c29000-7fdbd1d29000 rw-p 00000000 00:00 0                          [stack:26110]
7fdbd1d29000-7fdbd1d2c000 ---p 00000000 00:00 0 
7fdbd1d2c000-7fdbd1e2a000 rw-p 00000000 00:00 0                          [stack:26108]
7fdbd1e2a000-7fdbd1e2d000 ---p 00000000 00:00 0 
7fdbd1e2d000-7fdbd1f2b000 rw-p 00000000 00:00 0                          [stack:26106]
7fdbd1f2b000-7fdbd1f2e000 ---p 00000000 00:00 0 
7fdbd1f2e000-7fdbd202c000 rw-p 00000000 00:00 0                          [stack:26105]
7fdbd202c000-7fdbd202f000 ---p 00000000 00:00 0 
7fdbd202f000-7fdbd212d000 rw-p 00000000 00:00 0                          [stack:26104]
7fdbd212d000-7fdbd2130000 ---p 00000000 00:00 0 
7fdbd2130000-7fdbd222e000 rw-p 00000000 00:00 0 
7fdbd222e000-7fdbd2231000 ---p 00000000 00:00 0 
7fdbd2231000-7fdbd232f000 rw-p 00000000 00:00 0                          [stack:26101]
7fdbd232f000-7fdbd2332000 ---p 00000000 00:00 0 
7fdbd2332000-7fdbd2430000 rw-p 00000000 00:00 0 
7fdbd2430000-7fdbd2434000 r-xp 00000000 08:01 6031410                    /usr/lib/jvm/java-8-oracle/jre/lib/amd64/libdt_socket.so
7fdbd2434000-7fdbd2633000 ---p 00004000 08:01 6031410                    /usr/lib/jvm/java-8-oracle/jre/lib/amd64/libdt_socket.so
7fdbd2633000-7fdbd2634000 rw-p 00003000 08:01 6031410                    /usr/lib/jvm/java-8-oracle/jre/lib/amd64/libdt_socket.so
7fdbd2634000-7fdbd2637000 ---p 00000000 00:00 0 
7fdbd2637000-7fdbd2735000 rw-p 00000000 00:00 0                          [stack:26096]
7fdbd2735000-7fdbd2738000 ---p 00000000 00:00 0 
7fdbd2738000-7fdbd2836000 rw-p 00000000 00:00 0                          [stack:26086]
7fdbd2836000-7fdbd2839000 ---p 00000000 00:00 0 
7fdbd2839000-7fdbd2937000 rw-p 00000000 00:00 0                          [stack:26085]
7fdbd2937000-7fdbd2938000 ---p 00000000 00:00 0 
7fdbd2938000-7fdbd3947000 rw-p 00000000 00:00 0                          [stack:26081]
7fdbd3947000-7fdbd3b20000 r--s 03d1f000 08:01 4988004                    /usr/lib/jvm/java-8-oracle/jre/lib/rt.jar
7fdbd3b20000-7fdbd3f60000 rw-p 00000000 00:00 0 
7fdbd3f60000-7fdbd4320000 ---p 00000000 00:00 0 
7fdbd4320000-7fdbdc000000 rw-p 00000000 00:00 0 
7fdbdc000000-7fdbdc021000 rw-p 00000000 00:00 0 
7fdbdc021000-7fdbe0000000 ---p 00000000 00:00 0 
7fdbe000e000-7fdbe0029000 r--s 00208000 08:01 4987908                    /usr/lib/jvm/java-8-oracle/jre/lib/deploy.jar
7fdbe0029000-7fdbe08ca000 rw-p 00000000 00:00 0 
7fdbe08ca000-7fdbe08cb000 ---p 00000000 00:00 0 
7fdbe08cb000-7fdbe09cb000 rw-p 00000000 00:00 0                          [stack:26073]
7fdbe09cb000-7fdbe09cc000 ---p 00000000 00:00 0 
7fdbe09cc000-7fdbe0cad000 rw-p 00000000 00:00 0                          [stack:26072]
7fdbe0cad000-7fdbe1000000 ---p 00000000 00:00 0 
7fdbe1000000-7fdbe1270000 rwxp 00000000 00:00 0 
7fdbe1270000-7fdbf0000000 ---p 00000000 00:00 0 
7fdbf0000000-7fdbf0155000 rw-p 00000000 00:00 0 
7fdbf0155000-7fdbf4000000 ---p 00000000 00:00 0 
7fdbf4005000-7fdbf4009000 r--s 00097000 08:01 4988006                    /usr/lib/jvm/java-8-oracle/jre/lib/jsse.jar
7fdbf4009000-7fdbf40a0000 rw-p 00000000 00:00 0 
7fdbf40a0000-7fdbf40a1000 ---p 00000000 00:00 0 
7fdbf40a1000-7fdbf41a1000 rw-p 00000000 00:00 0                          [stack:26071]
7fdbf41a1000-7fdbf41a2000 ---p 00000000 00:00 0 
7fdbf41a2000-7fdbf4483000 rw-p 00000000 00:00 0                          [stack:26070]
7fdbf4483000-7fdbf47d6000 ---p 00000000 00:00 0 
7fdbf47d6000-7fdbf49fa000 rw-p 00000000 00:00 0 
7fdbf49fa000-7fdbf4a70000 ---p 00000000 00:00 0 
7fdbf4a70000-7fdbf4a7b000 rw-p 00000000 00:00 0 
7fdbf4a7b000-7fdbf4e31000 ---p 00000000 00:00 0 
7fdbf4e31000-7fdbf4e4b000 r-xp 00000000 08:01 6031371                    /usr/lib/jvm/java-8-oracle/jre/lib/amd64/libzip.so
7fdbf4e4b000-7fdbf504b000 ---p 0001a000 08:01 6031371                    /usr/lib/jvm/java-8-oracle/jre/lib/amd64/libzip.so
7fdbf504b000-7fdbf504c000 rw-p 0001a000 08:01 6031371                    /usr/lib/jvm/java-8-oracle/jre/lib/amd64/libzip.so
7fdbf504c000-7fdbf56ca000 r--s 00000000 08:01 2884483                    /var/lib/sss/mc/passwd
7fdbf56ca000-7fdbf56d1000 r-xp 00000000 08:01 10223753                   /lib/x86_64-linux-gnu/libnss_sss.so.2
7fdbf56d1000-7fdbf58d0000 ---p 00007000 08:01 10223753                   /lib/x86_64-linux-gnu/libnss_sss.so.2
7fdbf58d0000-7fdbf58d1000 r--p 00006000 08:01 10223753                   /lib/x86_64-linux-gnu/libnss_sss.so.2
7fdbf58d1000-7fdbf58d2000 rw-p 00007000 08:01 10223753                   /lib/x86_64-linux-gnu/libnss_sss.so.2
7fdbf58d2000-7fdbf5a6d000 r-xp 00000000 08:01 1969453                    /usr/lib/x86_64-linux-gnu/libdb-5.3.so
7fdbf5a6d000-7fdbf5c6c000 ---p 0019b000 08:01 1969453                    /usr/lib/x86_64-linux-gnu/libdb-5.3.so
7fdbf5c6c000-7fdbf5c73000 r--p 0019a000 08:01 1969453                    /usr/lib/x86_64-linux-gnu/libdb-5.3.so
7fdbf5c73000-7fdbf5c74000 rw-p 001a1000 08:01 1969453                    /usr/lib/x86_64-linux-gnu/libdb-5.3.so
7fdbf5c74000-7fdbf5c7a000 r-xp 00000000 08:01 1835445                    /usr/lib/libnss_db-2.2.3.so
7fdbf5c7a000-7fdbf5e79000 ---p 00006000 08:01 1835445                    /usr/lib/libnss_db-2.2.3.so
7fdbf5e79000-7fdbf5e7a000 r--p 00005000 08:01 1835445                    /usr/lib/libnss_db-2.2.3.so
7fdbf5e7a000-7fdbf5e7b000 rw-p 00006000 08:01 1835445                    /usr/lib/libnss_db-2.2.3.so
7fdbf5e7b000-7fdbf5e85000 r-xp 00000000 08:01 10224151                   /lib/x86_64-linux-gnu/libnss_files-2.19.so
7fdbf5e85000-7fdbf6084000 ---p 0000a000 08:01 10224151                   /lib/x86_64-linux-gnu/libnss_files-2.19.so
7fdbf6084000-7fdbf6085000 r--p 00009000 08:01 10224151                   /lib/x86_64-linux-gnu/libnss_files-2.19.so
7fdbf6085000-7fdbf6086000 rw-p 0000a000 08:01 10224151                   /lib/x86_64-linux-gnu/libnss_files-2.19.so
7fdbf6086000-7fdbf638b000 r--p 00000000 08:01 1970984                    /usr/lib/locale/locale-archive
7fdbf638b000-7fdbf638d000 r-xp 00000000 08:01 6031376                    /usr/lib/jvm/java-8-oracle/jre/lib/amd64/libnpt.so
7fdbf638d000-7fdbf658d000 ---p 00002000 08:01 6031376                    /usr/lib/jvm/java-8-oracle/jre/lib/amd64/libnpt.so
7fdbf658d000-7fdbf658e000 rw-p 00002000 08:01 6031376                    /usr/lib/jvm/java-8-oracle/jre/lib/amd64/libnpt.so
7fdbf658e000-7fdbf65c7000 r-xp 00000000 08:01 6031391                    /usr/lib/jvm/java-8-oracle/jre/lib/amd64/libjdwp.so
7fdbf65c7000-7fdbf67c6000 ---p 00039000 08:01 6031391                    /usr/lib/jvm/java-8-oracle/jre/lib/amd64/libjdwp.so
7fdbf67c6000-7fdbf67c8000 rw-p 00038000 08:01 6031391                    /usr/lib/jvm/java-8-oracle/jre/lib/amd64/libjdwp.so
7fdbf67c8000-7fdbf67f2000 r-xp 00000000 08:01 6031411                    /usr/lib/jvm/java-8-oracle/jre/lib/amd64/libjava.so
7fdbf67f2000-7fdbf69f2000 ---p 0002a000 08:01 6031411                    /usr/lib/jvm/java-8-oracle/jre/lib/amd64/libjava.so
7fdbf69f2000-7fdbf69f4000 rw-p 0002a000 08:01 6031411                    /usr/lib/jvm/java-8-oracle/jre/lib/amd64/libjava.so
7fdbf69f4000-7fdbf6a01000 r-xp 00000000 08:01 6031425                    /usr/lib/jvm/java-8-oracle/jre/lib/amd64/libverify.so
7fdbf6a01000-7fdbf6c01000 ---p 0000d000 08:01 6031425                    /usr/lib/jvm/java-8-oracle/jre/lib/amd64/libverify.so
7fdbf6c01000-7fdbf6c03000 rw-p 0000d000 08:01 6031425                    /usr/lib/jvm/java-8-oracle/jre/lib/amd64/libverify.so
7fdbf6c03000-7fdbf6c0a000 r-xp 00000000 08:01 10224142                   /lib/x86_64-linux-gnu/librt-2.19.so
7fdbf6c0a000-7fdbf6e09000 ---p 00007000 08:01 10224142                   /lib/x86_64-linux-gnu/librt-2.19.so
7fdbf6e09000-7fdbf6e0a000 r--p 00006000 08:01 10224142                   /lib/x86_64-linux-gnu/librt-2.19.so
7fdbf6e0a000-7fdbf6e0b000 rw-p 00007000 08:01 10224142                   /lib/x86_64-linux-gnu/librt-2.19.so
7fdbf6e0b000-7fdbf6f10000 r-xp 00000000 08:01 10223893                   /lib/x86_64-linux-gnu/libm-2.19.so
7fdbf6f10000-7fdbf710f000 ---p 00105000 08:01 10223893                   /lib/x86_64-linux-gnu/libm-2.19.so
7fdbf710f000-7fdbf7110000 r--p 00104000 08:01 10223893                   /lib/x86_64-linux-gnu/libm-2.19.so
7fdbf7110000-7fdbf7111000 rw-p 00105000 08:01 10223893                   /lib/x86_64-linux-gnu/libm-2.19.so
7fdbf7111000-7fdbf7dd1000 r-xp 00000000 08:01 6031404                    /usr/lib/jvm/java-8-oracle/jre/lib/amd64/server/libjvm.so
7fdbf7dd1000-7fdbf7fd1000 ---p 00cc0000 08:01 6031404                    /usr/lib/jvm/java-8-oracle/jre/lib/amd64/server/libjvm.so
7fdbf7fd1000-7fdbf80a9000 rw-p 00cc0000 08:01 6031404                    /usr/lib/jvm/java-8-oracle/jre/lib/amd64/server/libjvm.so
7fdbf80a9000-7fdbf80f4000 rw-p 00000000 00:00 0 
7fdbf80f4000-7fdbf82ae000 r-xp 00000000 08:01 10224145                   /lib/x86_64-linux-gnu/libc-2.19.so
7fdbf82ae000-7fdbf84ae000 ---p 001ba000 08:01 10224145                   /lib/x86_64-linux-gnu/libc-2.19.so
7fdbf84ae000-7fdbf84b2000 r--p 001ba000 08:01 10224145                   /lib/x86_64-linux-gnu/libc-2.19.so
7fdbf84b2000-7fdbf84b4000 rw-p 001be000 08:01 10224145                   /lib/x86_64-linux-gnu/libc-2.19.so
7fdbf84b4000-7fdbf84b9000 rw-p 00000000 00:00 0 
7fdbf84b9000-7fdbf84bc000 r-xp 00000000 08:01 10223901                   /lib/x86_64-linux-gnu/libdl-2.19.so
7fdbf84bc000-7fdbf86bb000 ---p 00003000 08:01 10223901                   /lib/x86_64-linux-gnu/libdl-2.19.so
7fdbf86bb000-7fdbf86bc000 r--p 00002000 08:01 10223901                   /lib/x86_64-linux-gnu/libdl-2.19.so
7fdbf86bc000-7fdbf86bd000 rw-p 00003000 08:01 10223901                   /lib/x86_64-linux-gnu/libdl-2.19.so
7fdbf86bd000-7fdbf86d2000 r-xp 00000000 08:01 1969447                    /usr/lib/jvm/java-8-oracle/lib/amd64/jli/libjli.so
7fdbf86d2000-7fdbf88d2000 ---p 00015000 08:01 1969447                    /usr/lib/jvm/java-8-oracle/lib/amd64/jli/libjli.so
7fdbf88d2000-7fdbf88d3000 rw-p 00015000 08:01 1969447                    /usr/lib/jvm/java-8-oracle/lib/amd64/jli/libjli.so
7fdbf88d3000-7fdbf88ec000 r-xp 00000000 08:01 10223962                   /lib/x86_64-linux-gnu/libpthread-2.19.so
7fdbf88ec000-7fdbf8aeb000 ---p 00019000 08:01 10223962                   /lib/x86_64-linux-gnu/libpthread-2.19.so
7fdbf8aeb000-7fdbf8aec000 r--p 00018000 08:01 10223962                   /lib/x86_64-linux-gnu/libpthread-2.19.so
7fdbf8aec000-7fdbf8aed000 rw-p 00019000 08:01 10223962                   /lib/x86_64-linux-gnu/libpthread-2.19.so
7fdbf8aed000-7fdbf8af1000 rw-p 00000000 00:00 0 
7fdbf8af1000-7fdbf8b14000 r-xp 00000000 08:01 10223983                   /lib/x86_64-linux-gnu/ld-2.19.so
7fdbf8b14000-7fdbf8b15000 rw-p 00000000 00:00 0 
7fdbf8b15000-7fdbf8b16000 r--s 00000000 08:01 4988007                    /usr/lib/jvm/java-8-oracle/jre/lib/management-agent.jar
7fdbf8b16000-7fdbf8b18000 r--s 00007000 08:01 4988019                    /usr/lib/jvm/java-8-oracle/jre/lib/jfxswt.jar
7fdbf8b18000-7fdbf8bea000 rw-p 00000000 00:00 0 
7fdbf8bea000-7fdbf8bed000 ---p 00000000 00:00 0 
7fdbf8bed000-7fdbf8cef000 rw-p 00000000 00:00 0                          [stack:26069]
7fdbf8cef000-7fdbf8cf4000 r--s 00084000 08:01 4987910                    /usr/lib/jvm/java-8-oracle/jre/lib/jfr.jar
7fdbf8cf4000-7fdbf8cf7000 r--s 0001a000 08:01 4988010                    /usr/lib/jvm/java-8-oracle/jre/lib/jce.jar
7fdbf8cf7000-7fdbf8d01000 r--s 0006c000 08:01 4987906                    /usr/lib/jvm/java-8-oracle/jre/lib/javaws.jar
7fdbf8d01000-7fdbf8d07000 r--s 002f8000 08:01 4987915                    /usr/lib/jvm/java-8-oracle/jre/lib/charsets.jar
7fdbf8d07000-7fdbf8d0f000 rw-s 00000000 08:01 1048660                    /tmp/hsperfdata_cs61bl-bk/26068
7fdbf8d0f000-7fdbf8d10000 rw-p 00000000 00:00 0 
7fdbf8d10000-7fdbf8d11000 ---p 00000000 00:00 0 
7fdbf8d11000-7fdbf8d13000 rw-p 00000000 00:00 0 
7fdbf8d13000-7fdbf8d14000 r--p 00022000 08:01 10223983                   /lib/x86_64-linux-gnu/ld-2.19.so
7fdbf8d14000-7fdbf8d15000 rw-p 00023000 08:01 10223983                   /lib/x86_64-linux-gnu/ld-2.19.so
7fdbf8d15000-7fdbf8d16000 rw-p 00000000 00:00 0 
7ffd45aab000-7ffd45acc000 rw-p 00000000 00:00 0                          [stack]
7ffd45b1b000-7ffd45b1d000 r-xp 00000000 00:00 0                          [vdso]
ffffffffff600000-ffffffffff601000 r-xp 00000000 00:00 0                  [vsyscall]

VM Arguments:
jvm_args: -agentlib:jdwp=transport=dt_socket,address=127.0.0.1:52749,suspend=y,server=n -Dfile.encoding=UTF-8 
java_command: IntList
java_class_path (initial): /usr/lib/jvm/java-8-oracle/jre/lib/charsets.jar:/usr/lib/jvm/java-8-oracle/jre/lib/deploy.jar:/usr/lib/jvm/java-8-oracle/jre/lib/ext/cldrdata.jar:/usr/lib/jvm/java-8-oracle/jre/lib/ext/dnsns.jar:/usr/lib/jvm/java-8-oracle/jre/lib/ext/jaccess.jar:/usr/lib/jvm/java-8-oracle/jre/lib/ext/jfxrt.jar:/usr/lib/jvm/java-8-oracle/jre/lib/ext/localedata.jar:/usr/lib/jvm/java-8-oracle/jre/lib/ext/nashorn.jar:/usr/lib/jvm/java-8-oracle/jre/lib/ext/sunec.jar:/usr/lib/jvm/java-8-oracle/jre/lib/ext/sunjce_provider.jar:/usr/lib/jvm/java-8-oracle/jre/lib/ext/sunpkcs11.jar:/usr/lib/jvm/java-8-oracle/jre/lib/ext/zipfs.jar:/usr/lib/jvm/java-8-oracle/jre/lib/javaws.jar:/usr/lib/jvm/java-8-oracle/jre/lib/jce.jar:/usr/lib/jvm/java-8-oracle/jre/lib/jfr.jar:/usr/lib/jvm/java-8-oracle/jre/lib/jfxswt.jar:/usr/lib/jvm/java-8-oracle/jre/lib/jsse.jar:/usr/lib/jvm/java-8-oracle/jre/lib/management-agent.jar:/usr/lib/jvm/java-8-oracle/jre/lib/plugin.jar:/usr/lib/jvm/java-8-oracle/jre/lib/resources.jar:/usr/lib/jvm/java-8-oracle/jre/lib/rt.jar:/home/cc/cs61bl/su16/class/cs61bl-bk/cs61b/bk/lab21/out/production/lab21:/share/instsww/pkg/idea-IC-143.1184.17/lib/idea_rt.jar
Launcher Type: SUN_STANDARD

Environment Variables:
PATH=/usr/local/sbin:/usr/local/bin:/usr/sbin:/usr/bin:/sbin:/bin:/usr/games:/usr/local/games
SHELL=/bin/bash
DISPLAY=:0

Signal Handlers:
SIGSEGV: [libjvm.so+0xabca10], sa_mask[0]=11111111011111111101111111111110, sa_flags=SA_RESTART|SA_SIGINFO
SIGBUS: [libjvm.so+0xabca10], sa_mask[0]=11111111011111111101111111111110, sa_flags=SA_RESTART|SA_SIGINFO
SIGFPE: [libjvm.so+0x919a20], sa_mask[0]=11111111011111111101111111111110, sa_flags=SA_RESTART|SA_SIGINFO
SIGPIPE: [libjvm.so+0x919a20], sa_mask[0]=11111111011111111101111111111110, sa_flags=SA_RESTART|SA_SIGINFO
SIGXFSZ: [libjvm.so+0x919a20], sa_mask[0]=11111111011111111101111111111110, sa_flags=SA_RESTART|SA_SIGINFO
SIGILL: [libjvm.so+0x919a20], sa_mask[0]=11111111011111111101111111111110, sa_flags=SA_RESTART|SA_SIGINFO
SIGUSR1: SIG_DFL, sa_mask[0]=00000000000000000000000000000000, sa_flags=none
SIGUSR2: [libjvm.so+0x91b050], sa_mask[0]=00100000000000000000000000000000, sa_flags=SA_RESTART|SA_SIGINFO
SIGHUP: [libjvm.so+0x91c450], sa_mask[0]=11111111011111111101111111111110, sa_flags=SA_RESTART|SA_SIGINFO
SIGINT: [libjvm.so+0x91c450], sa_mask[0]=11111111011111111101111111111110, sa_flags=SA_RESTART|SA_SIGINFO
SIGTERM: [libjvm.so+0x91c450], sa_mask[0]=11111111011111111101111111111110, sa_flags=SA_RESTART|SA_SIGINFO
SIGQUIT: [libjvm.so+0x91c450], sa_mask[0]=11111111011111111101111111111110, sa_flags=SA_RESTART|SA_SIGINFO


---------------  S Y S T E M  ---------------

OS:DISTRIB_ID=Ubuntu
DISTRIB_RELEASE=14.04
DISTRIB_CODENAME=trusty
DISTRIB_DESCRIPTION="Ubuntu 14.04.4 LTS"

uname:Linux 3.13.0-92-generic #139-Ubuntu SMP Tue Jun 28 20:42:26 UTC 2016 x86_64
libc:glibc 2.19 NPTL 2.19 
rlimit: STACK 8192k, CORE 0k, NPROC 127606, NOFILE 4096, AS infinity
load average:20.14 16.65 11.10

/proc/meminfo:
MemTotal:       16365552 kB
MemFree:          173676 kB
Buffers:             940 kB
Cached:           322968 kB
SwapCached:            0 kB
Active:         15679068 kB
Inactive:         266144 kB
Active(anon):   15623220 kB
Inactive(anon):   210396 kB
Active(file):      55848 kB
Inactive(file):    55748 kB
Unevictable:          32 kB
Mlocked:              32 kB
SwapTotal:             0 kB
SwapFree:              0 kB
Dirty:                92 kB
Writeback:             0 kB
AnonPages:      15621468 kB
Mapped:           122300 kB
Shmem:            212220 kB
Slab:              65912 kB
SReclaimable:      32932 kB
SUnreclaim:        32980 kB
KernelStack:        4472 kB
PageTables:        56772 kB
NFS_Unstable:          0 kB
Bounce:                0 kB
WritebackTmp:          0 kB
CommitLimit:     8182776 kB
Committed_AS:   18845268 kB
VmallocTotal:   34359738367 kB
VmallocUsed:      371764 kB
VmallocChunk:   34359319152 kB
HardwareCorrupted:     0 kB
AnonHugePages:  12242944 kB
HugePages_Total:       0
HugePages_Free:        0
HugePages_Rsvd:        0
HugePages_Surp:        0
Hugepagesize:       2048 kB
DirectMap4k:       97156 kB
DirectMap2M:    16611328 kB


CPU:total 4 (2 cores per cpu, 2 threads per core) family 6 model 58 stepping 9, cmov, cx8, fxsr, mmx, sse, sse2, sse3, ssse3, sse4.1, sse4.2, popcnt, avx, clmul, erms, ht, tsc, tscinvbit, tscinv

/proc/cpuinfo:
processor	: 0
vendor_id	: GenuineIntel
cpu family	: 6
model		: 58
model name	: Intel(R) Core(TM) i3-3217U CPU @ 1.80GHz
stepping	: 9
microcode	: 0x1b
cpu MHz		: 1800.000
cache size	: 3072 KB
physical id	: 0
siblings	: 4
core id		: 0
cpu cores	: 2
apicid		: 0
initial apicid	: 0
fpu		: yes
fpu_exception	: yes
cpuid level	: 13
wp		: yes
flags		: fpu vme de pse tsc msr pae mce cx8 apic sep mtrr pge mca cmov pat pse36 clflush dts acpi mmx fxsr sse sse2 ss ht tm pbe syscall nx rdtscp lm constant_tsc arch_perfmon pebs bts rep_good nopl xtopology nonstop_tsc aperfmperf eagerfpu pni pclmulqdq dtes64 monitor ds_cpl vmx est tm2 ssse3 cx16 xtpr pdcm pcid sse4_1 sse4_2 x2apic popcnt tsc_deadline_timer xsave avx f16c lahf_lm arat epb xsaveopt pln pts dtherm tpr_shadow vnmi flexpriority ept vpid fsgsbase smep erms
bogomips	: 3595.55
clflush size	: 64
cache_alignment	: 64
address sizes	: 36 bits physical, 48 bits virtual
power management:

processor	: 1
vendor_id	: GenuineIntel
cpu family	: 6
model		: 58
model name	: Intel(R) Core(TM) i3-3217U CPU @ 1.80GHz
stepping	: 9
microcode	: 0x1b
cpu MHz		: 1800.000
cache size	: 3072 KB
physical id	: 0
siblings	: 4
core id		: 1
cpu cores	: 2
apicid		: 2
initial apicid	: 2
fpu		: yes
fpu_exception	: yes
cpuid level	: 13
wp		: yes
flags		: fpu vme de pse tsc msr pae mce cx8 apic sep mtrr pge mca cmov pat pse36 clflush dts acpi mmx fxsr sse sse2 ss ht tm pbe syscall nx rdtscp lm constant_tsc arch_perfmon pebs bts rep_good nopl xtopology nonstop_tsc aperfmperf eagerfpu pni pclmulqdq dtes64 monitor ds_cpl vmx est tm2 ssse3 cx16 xtpr pdcm pcid sse4_1 sse4_2 x2apic popcnt tsc_deadline_timer xsave avx f16c lahf_lm arat epb xsaveopt pln pts dtherm tpr_shadow vnmi flexpriority ept vpid fsgsbase smep erms
bogomips	: 3595.55
clflush size	: 64
cache_alignment	: 64
address sizes	: 36 bits physical, 48 bits virtual
power management:

processor	: 2
vendor_id	: GenuineIntel
cpu family	: 6
model		: 58
model name	: Intel(R) Core(TM) i3-3217U CPU @ 1.80GHz
stepping	: 9
microcode	: 0x1b
cpu MHz		: 1800.000
cache size	: 3072 KB
physical id	: 0
siblings	: 4
core id		: 0
cpu cores	: 2
apicid		: 1
initial apicid	: 1
fpu		: yes
fpu_exception	: yes
cpuid level	: 13
wp		: yes
flags		: fpu vme de pse tsc msr pae mce cx8 apic sep mtrr pge mca cmov pat pse36 clflush dts acpi mmx fxsr sse sse2 ss ht tm pbe syscall nx rdtscp lm constant_tsc arch_perfmon pebs bts rep_good nopl xtopology nonstop_tsc aperfmperf eagerfpu pni pclmulqdq dtes64 monitor ds_cpl vmx est tm2 ssse3 cx16 xtpr pdcm pcid sse4_1 sse4_2 x2apic popcnt tsc_deadline_timer xsave avx f16c lahf_lm arat epb xsaveopt pln pts dtherm tpr_shadow vnmi flexpriority ept vpid fsgsbase smep erms
bogomips	: 3595.55
clflush size	: 64
cache_alignment	: 64
address sizes	: 36 bits physical, 48 bits virtual
power management:

processor	: 3
vendor_id	: GenuineIntel
cpu family	: 6
model		: 58
model name	: Intel(R) Core(TM) i3-3217U CPU @ 1.80GHz
stepping	: 9
microcode	: 0x1b
cpu MHz		: 1800.000
cache size	: 3072 KB
physical id	: 0
siblings	: 4
core id		: 1
cpu cores	: 2
apicid		: 3
initial apicid	: 3
fpu		: yes
fpu_exception	: yes
cpuid level	: 13
wp		: yes
flags		: fpu vme de pse tsc msr pae mce cx8 apic sep mtrr pge mca cmov pat pse36 clflush dts acpi mmx fxsr sse sse2 ss ht tm pbe syscall nx rdtscp lm constant_tsc arch_perfmon pebs bts rep_good nopl xtopology nonstop_tsc aperfmperf eagerfpu pni pclmulqdq dtes64 monitor ds_cpl vmx est tm2 ssse3 cx16 xtpr pdcm pcid sse4_1 sse4_2 x2apic popcnt tsc_deadline_timer xsave avx f16c lahf_lm arat epb xsaveopt pln pts dtherm tpr_shadow vnmi flexpriority ept vpid fsgsbase smep erms
bogomips	: 3595.55
clflush size	: 64
cache_alignment	: 64
address sizes	: 36 bits physical, 48 bits virtual
power management:



Memory: 4k page, physical 16365552k(173676k free), swap 0k(0k free)

vm_info: Java HotSpot(TM) 64-Bit Server VM (25.91-b14) for linux-amd64 JRE (1.8.0_91-b14), built on Apr  1 2016 00:57:21 by "java_re" with gcc 4.3.0 20080428 (Red Hat 4.3.0-8)

time: Tue Aug  2 22:04:41 2016
elapsed time: 616 seconds (0d 0h 10m 16s)

